2026-04-14 09:14:03,197 | INFO | Bridge starting with config: host=localhost port=8766
2026-04-15 12:06:49,116 | INFO | Bridge starting with config: host=localhost port=8766
2026-04-15 13:50:48,415 | INFO | Bridge starting with config: host=localhost port=8766
2026-04-15 19:20:08,702 | INFO | Bridge starting with config: host=localhost port=8766
2026-04-15 19:20:08,716 | INFO | Healthz running on http://127.0.0.1:8770/healthz
2026-04-15 19:20:08,739 | INFO | Bridge P6 running on ws://localhost:8766
2026-04-15 19:20:30,038 | INFO | client connected
2026-04-15 19:20:30,072 | INFO | cmd=list_scenarios payload={}
2026-04-15 19:20:30,072 | INFO | cmd=view.snapshot payload={}
2026-04-15 19:20:40,037 | INFO | cmd=list_scenarios payload={}
2026-04-15 19:20:40,538 | INFO | cmd=view.snapshot payload={}
2026-04-15 19:20:50,037 | INFO | cmd=list_scenarios payload={}
2026-04-15 19:20:50,537 | INFO | cmd=view.snapshot payload={}
2026-04-15 19:21:00,037 | INFO | cmd=list_scenarios payload={}
2026-04-15 19:21:00,537 | INFO | cmd=view.snapshot payload={}
2026-04-15 19:21:10,037 | INFO | cmd=list_scenarios payload={}
2026-04-15 19:21:10,537 | INFO | cmd=view.snapshot payload={}
2026-04-15 19:21:20,037 | INFO | cmd=list_scenarios payload={}
2026-04-15 19:21:20,537 | INFO | cmd=view.snapshot payload={}
2026-04-15 19:21:30,038 | INFO | cmd=list_scenarios payload={}
2026-04-15 19:21:30,537 | INFO | cmd=view.snapshot payload={}
2026-04-15 19:21:40,037 | INFO | cmd=list_scenarios payload={}
2026-04-15 19:21:40,537 | INFO | cmd=view.snapshot payload={}
2026-04-15 19:21:50,037 | INFO | cmd=list_scenarios payload={}
2026-04-15 19:21:50,537 | INFO | cmd=view.snapshot payload={}
2026-04-15 19:22:00,037 | INFO | cmd=list_scenarios payload={}
2026-04-15 19:22:00,537 | INFO | cmd=view.snapshot payload={}
2026-04-15 19:22:10,037 | INFO | cmd=list_scenarios payload={}
2026-04-15 19:22:10,537 | INFO | cmd=view.snapshot payload={}
2026-04-15 19:22:20,037 | INFO | cmd=list_scenarios payload={}
2026-04-15 19:22:20,537 | INFO | cmd=view.snapshot payload={}
2026-04-15 19:22:30,037 | INFO | cmd=list_scenarios payload={}
2026-04-15 19:22:30,537 | INFO | cmd=view.snapshot payload={}
2026-04-15 19:22:40,037 | INFO | cmd=list_scenarios payload={}
2026-04-15 19:22:40,537 | INFO | cmd=view.snapshot payload={}
2026-04-15 19:22:50,037 | INFO | cmd=list_scenarios payload={}
2026-04-15 19:22:50,537 | INFO | cmd=view.snapshot payload={}
2026-04-15 19:23:00,036 | INFO | cmd=list_scenarios payload={}
2026-04-15 19:23:00,537 | INFO | cmd=view.snapshot payload={}
2026-04-15 19:23:08,337 | INFO | cmd=view.snapshot payload={}
2026-04-15 19:23:18,037 | INFO | cmd=list_scenarios payload={}
2026-04-15 19:23:18,537 | INFO | cmd=view.snapshot payload={}
2026-04-15 19:23:28,037 | INFO | cmd=list_scenarios payload={}
2026-04-15 19:23:28,537 | INFO | cmd=view.snapshot payload={}
2026-04-15 19:23:38,037 | INFO | cmd=list_scenarios payload={}
2026-04-15 19:23:38,537 | INFO | cmd=view.snapshot payload={}
2026-04-15 19:23:45,179 | INFO | cmd=view.snapshot payload={}
2026-04-15 19:23:55,037 | INFO | cmd=list_scenarios payload={}
2026-04-15 19:23:55,537 | INFO | cmd=view.snapshot payload={}
2026-04-15 19:24:05,036 | INFO | cmd=list_scenarios payload={}
2026-04-15 19:24:05,537 | INFO | cmd=view.snapshot payload={}
2026-04-15 19:24:15,037 | INFO | cmd=list_scenarios payload={}
2026-04-15 19:24:15,537 | INFO | cmd=view.snapshot payload={}
2026-04-15 19:24:25,037 | INFO | cmd=list_scenarios payload={}
2026-04-15 19:24:25,537 | INFO | cmd=view.snapshot payload={}
2026-04-15 19:24:35,037 | INFO | cmd=list_scenarios payload={}
2026-04-15 19:24:35,537 | INFO | cmd=view.snapshot payload={}
2026-04-15 19:24:45,037 | INFO | cmd=list_scenarios payload={}
2026-04-15 19:24:45,537 | INFO | cmd=view.snapshot payload={}
2026-04-15 19:24:55,037 | INFO | cmd=list_scenarios payload={}
2026-04-15 19:24:55,537 | INFO | cmd=view.snapshot payload={}
2026-04-15 19:25:05,037 | INFO | cmd=list_scenarios payload={}
2026-04-15 19:25:05,537 | INFO | cmd=view.snapshot payload={}
2026-04-15 19:25:15,037 | INFO | cmd=list_scenarios payload={}
2026-04-15 19:25:15,537 | INFO | cmd=view.snapshot payload={}
2026-04-15 19:25:25,037 | INFO | cmd=list_scenarios payload={}
2026-04-15 19:25:25,537 | INFO | cmd=view.snapshot payload={}
2026-04-15 19:25:35,037 | INFO | cmd=list_scenarios payload={}
2026-04-15 19:25:35,537 | INFO | cmd=view.snapshot payload={}
2026-04-15 19:25:45,037 | INFO | cmd=list_scenarios payload={}
2026-04-15 19:25:45,537 | INFO | cmd=view.snapshot payload={}
2026-04-15 19:25:55,037 | INFO | cmd=list_scenarios payload={}
2026-04-15 19:25:55,537 | INFO | cmd=view.snapshot payload={}
2026-04-15 19:26:05,037 | INFO | cmd=list_scenarios payload={}
2026-04-15 19:26:05,537 | INFO | cmd=view.snapshot payload={}
2026-04-15 19:26:15,037 | INFO | cmd=list_scenarios payload={}
2026-04-15 19:26:15,537 | INFO | cmd=view.snapshot payload={}
2026-04-15 19:26:25,037 | INFO | cmd=list_scenarios payload={}
2026-04-15 19:26:25,537 | INFO | cmd=view.snapshot payload={}
2026-04-15 19:26:35,037 | INFO | cmd=list_scenarios payload={}
2026-04-15 19:26:35,538 | INFO | cmd=view.snapshot payload={}
2026-04-15 19:26:45,037 | INFO | cmd=list_scenarios payload={}
2026-04-15 19:26:45,550 | INFO | cmd=view.snapshot payload={}
2026-04-15 19:26:55,037 | INFO | cmd=list_scenarios payload={}
2026-04-15 19:26:55,537 | INFO | cmd=view.snapshot payload={}
2026-04-15 19:27:05,037 | INFO | cmd=list_scenarios payload={}
2026-04-15 19:27:05,537 | INFO | cmd=view.snapshot payload={}
2026-04-15 19:27:15,037 | INFO | cmd=list_scenarios payload={}
2026-04-15 19:27:15,537 | INFO | cmd=view.snapshot payload={}
2026-04-15 19:27:25,037 | INFO | cmd=list_scenarios payload={}
2026-04-15 19:27:25,537 | INFO | cmd=view.snapshot payload={}
2026-04-15 19:27:35,037 | INFO | cmd=list_scenarios payload={}
2026-04-15 19:27:35,538 | INFO | cmd=view.snapshot payload={}
2026-04-15 19:27:45,037 | INFO | cmd=list_scenarios payload={}
2026-04-15 19:27:45,537 | INFO | cmd=view.snapshot payload={}
2026-04-15 19:27:55,037 | INFO | cmd=list_scenarios payload={}
2026-04-15 19:27:55,537 | INFO | cmd=view.snapshot payload={}
2026-04-15 19:28:05,037 | INFO | cmd=list_scenarios payload={}
2026-04-15 19:28:05,537 | INFO | cmd=view.snapshot payload={}
2026-04-15 19:28:15,037 | INFO | cmd=list_scenarios payload={}
2026-04-15 19:28:15,537 | INFO | cmd=view.snapshot payload={}
2026-04-15 19:28:25,037 | INFO | cmd=list_scenarios payload={}
2026-04-15 19:28:25,537 | INFO | cmd=view.snapshot payload={}
2026-04-15 19:28:35,037 | INFO | cmd=list_scenarios payload={}
2026-04-15 19:28:35,537 | INFO | cmd=view.snapshot payload={}
2026-04-15 19:28:45,037 | INFO | cmd=list_scenarios payload={}
2026-04-15 19:28:45,537 | INFO | cmd=view.snapshot payload={}
2026-04-15 19:28:55,037 | INFO | cmd=list_scenarios payload={}
2026-04-15 19:28:55,537 | INFO | cmd=view.snapshot payload={}
2026-04-15 19:29:05,037 | INFO | cmd=list_scenarios payload={}
2026-04-15 19:29:05,537 | INFO | cmd=view.snapshot payload={}
2026-04-15 19:29:15,037 | INFO | cmd=list_scenarios payload={}
2026-04-15 19:29:15,537 | INFO | cmd=view.snapshot payload={}
2026-04-15 19:29:25,037 | INFO | cmd=list_scenarios payload={}
2026-04-15 19:29:25,539 | INFO | cmd=view.snapshot payload={}
2026-04-15 19:29:35,037 | INFO | cmd=list_scenarios payload={}
2026-04-15 19:29:35,537 | INFO | cmd=view.snapshot payload={}
2026-04-15 19:29:45,037 | INFO | cmd=list_scenarios payload={}
2026-04-15 19:29:45,537 | INFO | cmd=view.snapshot payload={}
2026-04-15 19:29:55,037 | INFO | cmd=list_scenarios payload={}
2026-04-15 19:29:55,537 | INFO | cmd=view.snapshot payload={}
2026-04-15 19:30:05,036 | INFO | cmd=list_scenarios payload={}
2026-04-15 19:30:05,537 | INFO | cmd=view.snapshot payload={}
2026-04-15 19:30:15,037 | INFO | cmd=list_scenarios payload={}
2026-04-15 19:30:15,537 | INFO | cmd=view.snapshot payload={}
2026-04-15 19:30:25,036 | INFO | cmd=list_scenarios payload={}
2026-04-15 19:30:25,537 | INFO | cmd=view.snapshot payload={}
2026-04-15 19:30:35,037 | INFO | cmd=list_scenarios payload={}
2026-04-15 19:30:35,537 | INFO | cmd=view.snapshot payload={}
2026-04-15 19:30:45,036 | INFO | cmd=list_scenarios payload={}
2026-04-15 19:30:45,537 | INFO | cmd=view.snapshot payload={}
2026-04-15 19:30:55,037 | INFO | cmd=list_scenarios payload={}
2026-04-15 19:30:55,537 | INFO | cmd=view.snapshot payload={}
2026-04-15 19:31:05,036 | INFO | cmd=list_scenarios payload={}
2026-04-15 19:31:05,537 | INFO | cmd=view.snapshot payload={}
2026-04-15 19:31:15,036 | INFO | cmd=list_scenarios payload={}
2026-04-15 19:31:15,536 | INFO | cmd=view.snapshot payload={}
2026-04-15 19:31:25,036 | INFO | cmd=list_scenarios payload={}
2026-04-15 19:31:25,537 | INFO | cmd=view.snapshot payload={}
2026-04-15 19:31:35,037 | INFO | cmd=list_scenarios payload={}
2026-04-15 19:31:35,537 | INFO | cmd=view.snapshot payload={}
2026-04-15 19:31:45,037 | INFO | cmd=list_scenarios payload={}
2026-04-15 19:31:45,537 | INFO | cmd=view.snapshot payload={}
2026-04-15 19:31:55,036 | INFO | cmd=list_scenarios payload={}
2026-04-15 19:31:55,537 | INFO | cmd=view.snapshot payload={}
2026-04-15 19:32:05,037 | INFO | cmd=list_scenarios payload={}
2026-04-15 19:32:05,537 | INFO | cmd=view.snapshot payload={}
2026-04-15 19:32:15,037 | INFO | cmd=list_scenarios payload={}
2026-04-15 19:32:15,537 | INFO | cmd=view.snapshot payload={}
2026-04-15 19:32:25,037 | INFO | cmd=list_scenarios payload={}
2026-04-15 19:32:25,537 | INFO | cmd=view.snapshot payload={}
2026-04-15 19:32:35,037 | INFO | cmd=list_scenarios payload={}
2026-04-15 19:32:35,537 | INFO | cmd=view.snapshot payload={}
2026-04-15 19:32:45,036 | INFO | cmd=list_scenarios payload={}
2026-04-15 19:32:45,537 | INFO | cmd=view.snapshot payload={}
2026-04-15 19:32:55,036 | INFO | cmd=list_scenarios payload={}
2026-04-15 19:32:55,537 | INFO | cmd=view.snapshot payload={}
2026-04-15 19:33:05,036 | INFO | cmd=list_scenarios payload={}
2026-04-15 19:33:05,536 | INFO | cmd=view.snapshot payload={}
2026-04-15 19:33:15,037 | INFO | cmd=list_scenarios payload={}
2026-04-15 19:33:15,537 | INFO | cmd=view.snapshot payload={}
2026-04-15 19:33:25,037 | INFO | cmd=list_scenarios payload={}
2026-04-15 19:33:25,537 | INFO | cmd=view.snapshot payload={}
2026-04-15 19:33:35,036 | INFO | cmd=list_scenarios payload={}
2026-04-15 19:33:35,537 | INFO | cmd=view.snapshot payload={}
2026-04-15 19:33:45,036 | INFO | cmd=list_scenarios payload={}
2026-04-15 19:33:45,536 | INFO | cmd=view.snapshot payload={}
2026-04-15 19:33:55,037 | INFO | cmd=list_scenarios payload={}
2026-04-15 19:33:55,537 | INFO | cmd=view.snapshot payload={}
2026-04-15 19:34:05,037 | INFO | cmd=list_scenarios payload={}
2026-04-15 19:34:05,537 | INFO | cmd=view.snapshot payload={}
2026-04-15 19:34:15,037 | INFO | cmd=list_scenarios payload={}
2026-04-15 19:34:15,537 | INFO | cmd=view.snapshot payload={}
2026-04-15 19:34:25,037 | INFO | cmd=list_scenarios payload={}
2026-04-15 19:34:25,537 | INFO | cmd=view.snapshot payload={}
2026-04-15 19:34:35,037 | INFO | cmd=list_scenarios payload={}
2026-04-15 19:34:35,537 | INFO | cmd=view.snapshot payload={}
2026-04-15 19:34:45,037 | INFO | cmd=list_scenarios payload={}
2026-04-15 19:34:45,537 | INFO | cmd=view.snapshot payload={}
2026-04-15 19:34:55,036 | INFO | cmd=list_scenarios payload={}
2026-04-15 19:34:55,537 | INFO | cmd=view.snapshot payload={}
2026-04-15 19:35:05,037 | INFO | cmd=list_scenarios payload={}
2026-04-15 19:35:05,536 | INFO | cmd=view.snapshot payload={}
2026-04-15 19:35:15,037 | INFO | cmd=list_scenarios payload={}
2026-04-15 19:35:15,537 | INFO | cmd=view.snapshot payload={}
2026-04-15 19:35:25,037 | INFO | cmd=list_scenarios payload={}
2026-04-15 19:35:25,537 | INFO | cmd=view.snapshot payload={}
2026-04-15 19:35:35,036 | INFO | cmd=list_scenarios payload={}
2026-04-15 19:35:35,536 | INFO | cmd=view.snapshot payload={}
2026-04-15 19:35:45,036 | INFO | cmd=list_scenarios payload={}
2026-04-15 19:35:45,537 | INFO | cmd=view.snapshot payload={}
2026-04-15 19:35:55,037 | INFO | cmd=list_scenarios payload={}
2026-04-15 19:35:55,537 | INFO | cmd=view.snapshot payload={}
2026-04-15 19:36:05,037 | INFO | cmd=list_scenarios payload={}
2026-04-15 19:36:05,537 | INFO | cmd=view.snapshot payload={}
2026-04-15 19:36:15,036 | INFO | cmd=list_scenarios payload={}
2026-04-15 19:36:15,537 | INFO | cmd=view.snapshot payload={}
2026-04-15 19:36:25,036 | INFO | cmd=list_scenarios payload={}
2026-04-15 19:36:25,537 | INFO | cmd=view.snapshot payload={}
2026-04-15 19:36:35,037 | INFO | cmd=list_scenarios payload={}
2026-04-15 19:36:35,537 | INFO | cmd=view.snapshot payload={}
2026-04-15 19:36:45,038 | INFO | cmd=list_scenarios payload={}
2026-04-15 19:36:45,538 | INFO | cmd=view.snapshot payload={}
2026-04-15 19:36:55,037 | INFO | cmd=list_scenarios payload={}
2026-04-15 19:36:55,537 | INFO | cmd=view.snapshot payload={}
2026-04-15 19:37:05,037 | INFO | cmd=list_scenarios payload={}
2026-04-15 19:37:05,537 | INFO | cmd=view.snapshot payload={}
2026-04-15 19:37:15,037 | INFO | cmd=list_scenarios payload={}
2026-04-15 19:37:15,537 | INFO | cmd=view.snapshot payload={}
2026-04-15 19:37:25,036 | INFO | cmd=list_scenarios payload={}
2026-04-15 19:37:25,537 | INFO | cmd=view.snapshot payload={}
2026-04-15 19:37:35,037 | INFO | cmd=list_scenarios payload={}
2026-04-15 19:37:35,537 | INFO | cmd=view.snapshot payload={}
2026-04-15 19:37:45,037 | INFO | cmd=list_scenarios payload={}
2026-04-15 19:37:45,537 | INFO | cmd=view.snapshot payload={}
2026-04-15 19:37:55,037 | INFO | cmd=list_scenarios payload={}
2026-04-15 19:37:55,537 | INFO | cmd=view.snapshot payload={}
2026-04-15 19:38:05,037 | INFO | cmd=list_scenarios payload={}
2026-04-15 19:38:05,537 | INFO | cmd=view.snapshot payload={}
2026-04-15 19:38:15,037 | INFO | cmd=list_scenarios payload={}
2026-04-15 19:38:15,537 | INFO | cmd=view.snapshot payload={}
2026-04-15 19:38:25,036 | INFO | cmd=list_scenarios payload={}
2026-04-15 19:38:25,537 | INFO | cmd=view.snapshot payload={}
2026-04-15 19:38:35,036 | INFO | cmd=list_scenarios payload={}
2026-04-15 19:38:35,537 | INFO | cmd=view.snapshot payload={}
2026-04-15 19:38:45,037 | INFO | cmd=list_scenarios payload={}
2026-04-15 19:38:45,537 | INFO | cmd=view.snapshot payload={}
2026-04-15 19:38:55,037 | INFO | cmd=list_scenarios payload={}
2026-04-15 19:38:55,537 | INFO | cmd=view.snapshot payload={}
2026-04-15 19:39:05,037 | INFO | cmd=list_scenarios payload={}
2026-04-15 19:39:05,537 | INFO | cmd=view.snapshot payload={}
2026-04-15 19:39:15,037 | INFO | cmd=list_scenarios payload={}
2026-04-15 19:39:15,536 | INFO | cmd=view.snapshot payload={}
2026-04-15 19:39:25,036 | INFO | cmd=list_scenarios payload={}
2026-04-15 19:39:25,536 | INFO | cmd=view.snapshot payload={}
2026-04-15 19:39:35,037 | INFO | cmd=list_scenarios payload={}
2026-04-15 19:39:35,537 | INFO | cmd=view.snapshot payload={}
2026-04-15 19:39:45,036 | INFO | cmd=list_scenarios payload={}
2026-04-15 19:39:45,537 | INFO | cmd=view.snapshot payload={}
2026-04-15 19:39:55,037 | INFO | cmd=list_scenarios payload={}
2026-04-15 19:39:55,537 | INFO | cmd=view.snapshot payload={}
2026-04-15 19:40:05,037 | INFO | cmd=list_scenarios payload={}
2026-04-15 19:40:05,537 | INFO | cmd=view.snapshot payload={}
2026-04-15 19:40:15,036 | INFO | cmd=list_scenarios payload={}
2026-04-15 19:40:15,536 | INFO | cmd=view.snapshot payload={}
2026-04-15 19:40:25,037 | INFO | cmd=list_scenarios payload={}
2026-04-15 19:40:25,537 | INFO | cmd=view.snapshot payload={}
2026-04-15 19:40:35,037 | INFO | cmd=list_scenarios payload={}
2026-04-15 19:40:35,537 | INFO | cmd=view.snapshot payload={}
2026-04-15 19:40:45,036 | INFO | cmd=list_scenarios payload={}
2026-04-15 19:40:45,536 | INFO | cmd=view.snapshot payload={}
2026-04-15 19:40:55,036 | INFO | cmd=list_scenarios payload={}
2026-04-15 19:40:55,537 | INFO | cmd=view.snapshot payload={}
2026-04-15 19:41:05,036 | INFO | cmd=list_scenarios payload={}
2026-04-15 19:41:05,537 | INFO | cmd=view.snapshot payload={}
2026-04-15 19:41:15,037 | INFO | cmd=list_scenarios payload={}
2026-04-15 19:41:15,537 | INFO | cmd=view.snapshot payload={}
2026-04-15 19:41:25,037 | INFO | cmd=list_scenarios payload={}
2026-04-15 19:41:25,537 | INFO | cmd=view.snapshot payload={}
2026-04-15 19:41:35,036 | INFO | cmd=list_scenarios payload={}
2026-04-15 19:41:35,536 | INFO | cmd=view.snapshot payload={}
2026-04-15 19:41:45,037 | INFO | cmd=list_scenarios payload={}
2026-04-15 19:41:45,537 | INFO | cmd=view.snapshot payload={}
2026-04-15 19:41:55,036 | INFO | cmd=list_scenarios payload={}
2026-04-15 19:41:55,537 | INFO | cmd=view.snapshot payload={}
2026-04-15 19:42:05,036 | INFO | cmd=list_scenarios payload={}
2026-04-15 19:42:05,537 | INFO | cmd=view.snapshot payload={}
2026-04-15 19:42:15,037 | INFO | cmd=list_scenarios payload={}
2026-04-15 19:42:15,537 | INFO | cmd=view.snapshot payload={}
2026-04-15 19:42:25,037 | INFO | cmd=list_scenarios payload={}
2026-04-15 19:42:25,537 | INFO | cmd=view.snapshot payload={}
2026-04-15 19:42:35,037 | INFO | cmd=list_scenarios payload={}
2026-04-15 19:42:35,537 | INFO | cmd=view.snapshot payload={}
2026-04-15 19:42:45,037 | INFO | cmd=list_scenarios payload={}
2026-04-15 19:42:45,537 | INFO | cmd=view.snapshot payload={}
2026-04-15 19:42:55,037 | INFO | cmd=list_scenarios payload={}
2026-04-15 19:42:55,537 | INFO | cmd=view.snapshot payload={}
2026-04-15 19:43:05,037 | INFO | cmd=list_scenarios payload={}
2026-04-15 19:43:05,537 | INFO | cmd=view.snapshot payload={}
2026-04-15 19:43:15,037 | INFO | cmd=list_scenarios payload={}
2026-04-15 19:43:15,537 | INFO | cmd=view.snapshot payload={}
2026-04-15 19:43:25,036 | INFO | cmd=list_scenarios payload={}
2026-04-15 19:43:25,536 | INFO | cmd=view.snapshot payload={}
2026-04-15 19:43:35,037 | INFO | cmd=list_scenarios payload={}
2026-04-15 19:43:35,537 | INFO | cmd=view.snapshot payload={}
2026-04-15 19:43:45,036 | INFO | cmd=list_scenarios payload={}
2026-04-15 19:43:45,537 | INFO | cmd=view.snapshot payload={}
2026-04-15 19:43:55,037 | INFO | cmd=list_scenarios payload={}
2026-04-15 19:43:55,537 | INFO | cmd=view.snapshot payload={}
2026-04-15 19:44:05,037 | INFO | cmd=list_scenarios payload={}
2026-04-15 19:44:05,537 | INFO | cmd=view.snapshot payload={}
2026-04-15 19:44:15,036 | INFO | cmd=list_scenarios payload={}
2026-04-15 19:44:15,537 | INFO | cmd=view.snapshot payload={}
2026-04-15 19:44:25,037 | INFO | cmd=list_scenarios payload={}
2026-04-15 19:44:25,537 | INFO | cmd=view.snapshot payload={}
2026-04-15 19:44:35,037 | INFO | cmd=list_scenarios payload={}
2026-04-15 19:44:35,537 | INFO | cmd=view.snapshot payload={}
2026-04-15 19:44:45,036 | INFO | cmd=list_scenarios payload={}
2026-04-15 19:44:45,537 | INFO | cmd=view.snapshot payload={}
2026-04-15 19:44:55,036 | INFO | cmd=list_scenarios payload={}
2026-04-15 19:44:55,536 | INFO | cmd=view.snapshot payload={}
2026-04-15 19:45:05,037 | INFO | cmd=list_scenarios payload={}
2026-04-15 19:45:05,537 | INFO | cmd=view.snapshot payload={}
2026-04-15 19:45:15,036 | INFO | cmd=list_scenarios payload={}
2026-04-15 19:45:15,536 | INFO | cmd=view.snapshot payload={}
2026-04-15 19:45:25,036 | INFO | cmd=list_scenarios payload={}
2026-04-15 19:45:25,537 | INFO | cmd=view.snapshot payload={}
2026-04-15 19:45:35,036 | INFO | cmd=list_scenarios payload={}
2026-04-15 19:45:35,536 | INFO | cmd=view.snapshot payload={}
2026-04-15 19:45:45,037 | INFO | cmd=list_scenarios payload={}
2026-04-15 19:45:45,537 | INFO | cmd=view.snapshot payload={}
2026-04-15 19:45:55,037 | INFO | cmd=list_scenarios payload={}
2026-04-15 19:45:55,537 | INFO | cmd=view.snapshot payload={}
2026-04-15 19:45:56,885 | INFO | client disconnected
2026-04-15 19:46:01,332 | INFO | client connected
2026-04-15 19:46:01,726 | INFO | cmd=list_scenarios payload={}
2026-04-15 19:46:01,726 | INFO | cmd=view.snapshot payload={}
2026-04-15 19:46:11,335 | INFO | cmd=list_scenarios payload={}
2026-04-15 19:46:11,835 | INFO | cmd=view.snapshot payload={}
2026-04-15 19:46:15,910 | INFO | client disconnected
2026-04-15 19:46:38,268 | INFO | Bridge starting with config: host=localhost port=8766
2026-04-15 19:46:38,281 | INFO | Healthz running on http://127.0.0.1:8770/healthz
2026-04-15 19:46:38,299 | INFO | Bridge P6 running on ws://localhost:8766
2026-04-15 19:47:00,035 | INFO | client connected
2026-04-15 19:47:00,037 | INFO | cmd=list_scenarios payload={}
2026-04-15 19:47:00,037 | INFO | cmd=view.snapshot payload={}
2026-04-15 19:47:10,033 | INFO | cmd=list_scenarios payload={}
2026-04-15 19:47:10,533 | INFO | cmd=view.snapshot payload={}
2026-04-15 19:47:20,033 | INFO | cmd=list_scenarios payload={}
2026-04-15 19:47:20,533 | INFO | cmd=view.snapshot payload={}
2026-04-15 19:47:30,033 | INFO | cmd=list_scenarios payload={}
2026-04-15 19:47:30,533 | INFO | cmd=view.snapshot payload={}
2026-04-15 19:47:40,033 | INFO | cmd=list_scenarios payload={}
2026-04-15 19:47:40,533 | INFO | cmd=view.snapshot payload={}
2026-04-15 19:47:50,034 | INFO | cmd=list_scenarios payload={}
2026-04-15 19:47:50,533 | INFO | cmd=view.snapshot payload={}
2026-04-15 19:48:00,034 | INFO | cmd=list_scenarios payload={}
2026-04-15 19:48:00,533 | INFO | cmd=view.snapshot payload={}
2026-04-15 19:48:10,033 | INFO | cmd=list_scenarios payload={}
2026-04-15 19:48:10,533 | INFO | cmd=view.snapshot payload={}
2026-04-15 19:48:20,033 | INFO | cmd=list_scenarios payload={}
2026-04-15 19:48:20,533 | INFO | cmd=view.snapshot payload={}
2026-04-15 19:48:30,033 | INFO | cmd=list_scenarios payload={}
2026-04-15 19:48:30,533 | INFO | cmd=view.snapshot payload={}
2026-04-15 19:48:40,033 | INFO | cmd=list_scenarios payload={}
2026-04-15 19:48:40,533 | INFO | cmd=view.snapshot payload={}
2026-04-15 19:48:50,033 | INFO | cmd=list_scenarios payload={}
2026-04-15 19:48:50,533 | INFO | cmd=view.snapshot payload={}
2026-04-15 19:49:00,033 | INFO | cmd=list_scenarios payload={}
2026-04-15 19:49:00,533 | INFO | cmd=view.snapshot payload={}
2026-04-15 19:49:10,033 | INFO | cmd=list_scenarios payload={}
2026-04-15 19:49:10,533 | INFO | cmd=view.snapshot payload={}
2026-04-15 19:49:20,033 | INFO | cmd=list_scenarios payload={}
2026-04-15 19:49:20,533 | INFO | cmd=view.snapshot payload={}
2026-04-15 19:49:30,033 | INFO | cmd=list_scenarios payload={}
2026-04-15 19:49:30,533 | INFO | cmd=view.snapshot payload={}
2026-04-15 19:49:40,033 | INFO | cmd=list_scenarios payload={}
2026-04-15 19:49:40,533 | INFO | cmd=view.snapshot payload={}
2026-04-15 19:49:50,033 | INFO | cmd=list_scenarios payload={}
2026-04-15 19:49:50,533 | INFO | cmd=view.snapshot payload={}
2026-04-15 19:50:00,033 | INFO | cmd=list_scenarios payload={}
2026-04-15 19:50:00,533 | INFO | cmd=view.snapshot payload={}
2026-04-15 19:50:10,033 | INFO | cmd=list_scenarios payload={}
2026-04-15 19:50:10,533 | INFO | cmd=view.snapshot payload={}
2026-04-15 19:50:20,033 | INFO | cmd=list_scenarios payload={}
2026-04-15 19:50:20,533 | INFO | cmd=view.snapshot payload={}
2026-04-15 19:50:30,033 | INFO | cmd=list_scenarios payload={}
2026-04-15 19:50:30,533 | INFO | cmd=view.snapshot payload={}
2026-04-15 19:50:40,033 | INFO | cmd=list_scenarios payload={}
2026-04-15 19:50:40,533 | INFO | cmd=view.snapshot payload={}
2026-04-15 19:50:50,034 | INFO | cmd=list_scenarios payload={}
2026-04-15 19:50:50,533 | INFO | cmd=view.snapshot payload={}
2026-04-15 19:51:00,033 | INFO | cmd=list_scenarios payload={}
2026-04-15 19:51:00,533 | INFO | cmd=view.snapshot payload={}
2026-04-15 19:51:10,033 | INFO | cmd=list_scenarios payload={}
2026-04-15 19:51:10,533 | INFO | cmd=view.snapshot payload={}
2026-04-15 19:51:20,033 | INFO | cmd=list_scenarios payload={}
2026-04-15 19:51:20,533 | INFO | cmd=view.snapshot payload={}
2026-04-15 19:51:30,033 | INFO | cmd=list_scenarios payload={}
2026-04-15 19:51:30,533 | INFO | cmd=view.snapshot payload={}
2026-04-15 19:51:40,033 | INFO | cmd=list_scenarios payload={}
2026-04-15 19:51:40,533 | INFO | cmd=view.snapshot payload={}
2026-04-15 19:51:50,033 | INFO | cmd=list_scenarios payload={}
2026-04-15 19:51:50,533 | INFO | cmd=view.snapshot payload={}
2026-04-15 19:52:00,033 | INFO | cmd=list_scenarios payload={}
2026-04-15 19:52:00,533 | INFO | cmd=view.snapshot payload={}
2026-04-15 19:52:10,033 | INFO | cmd=list_scenarios payload={}
2026-04-15 19:52:10,533 | INFO | cmd=view.snapshot payload={}
2026-04-15 19:52:20,033 | INFO | cmd=list_scenarios payload={}
2026-04-15 19:52:20,533 | INFO | cmd=view.snapshot payload={}
2026-04-15 19:52:30,033 | INFO | cmd=list_scenarios payload={}
2026-04-15 19:52:30,533 | INFO | cmd=view.snapshot payload={}
2026-04-15 19:52:40,033 | INFO | cmd=list_scenarios payload={}
2026-04-15 19:52:40,533 | INFO | cmd=view.snapshot payload={}
2026-04-15 19:52:50,033 | INFO | cmd=list_scenarios payload={}
2026-04-15 19:52:50,533 | INFO | cmd=view.snapshot payload={}
2026-04-15 19:53:00,033 | INFO | cmd=list_scenarios payload={}
2026-04-15 19:53:00,533 | INFO | cmd=view.snapshot payload={}
2026-04-15 19:53:10,033 | INFO | cmd=list_scenarios payload={}
2026-04-15 19:53:10,533 | INFO | cmd=view.snapshot payload={}
2026-04-15 19:53:20,033 | INFO | cmd=list_scenarios payload={}
2026-04-15 19:53:20,533 | INFO | cmd=view.snapshot payload={}
2026-04-15 19:53:30,033 | INFO | cmd=list_scenarios payload={}
2026-04-15 19:53:30,533 | INFO | cmd=view.snapshot payload={}
2026-04-15 19:53:40,033 | INFO | cmd=list_scenarios payload={}
2026-04-15 19:53:40,533 | INFO | cmd=view.snapshot payload={}
2026-04-15 19:53:50,033 | INFO | cmd=list_scenarios payload={}
2026-04-15 19:53:50,533 | INFO | cmd=view.snapshot payload={}
2026-04-15 19:54:00,033 | INFO | cmd=list_scenarios payload={}
2026-04-15 19:54:00,533 | INFO | cmd=view.snapshot payload={}
2026-04-15 19:54:10,033 | INFO | cmd=list_scenarios payload={}
2026-04-15 19:54:10,533 | INFO | cmd=view.snapshot payload={}
2026-04-15 19:54:20,033 | INFO | cmd=list_scenarios payload={}
2026-04-15 19:54:20,533 | INFO | cmd=view.snapshot payload={}
2026-04-15 19:54:30,033 | INFO | cmd=list_scenarios payload={}
2026-04-15 19:54:30,533 | INFO | cmd=view.snapshot payload={}
2026-04-15 19:54:40,033 | INFO | cmd=list_scenarios payload={}
2026-04-15 19:54:40,533 | INFO | cmd=view.snapshot payload={}
2026-04-15 19:54:50,033 | INFO | cmd=list_scenarios payload={}
2026-04-15 19:54:50,533 | INFO | cmd=view.snapshot payload={}
2026-04-15 19:55:00,032 | INFO | cmd=list_scenarios payload={}
2026-04-15 19:55:00,532 | INFO | cmd=view.snapshot payload={}
2026-04-15 19:55:10,033 | INFO | cmd=list_scenarios payload={}
2026-04-15 19:55:10,533 | INFO | cmd=view.snapshot payload={}
2026-04-15 19:55:20,033 | INFO | cmd=list_scenarios payload={}
2026-04-15 19:55:20,532 | INFO | cmd=view.snapshot payload={}
2026-04-15 19:55:30,033 | INFO | cmd=list_scenarios payload={}
2026-04-15 19:55:30,533 | INFO | cmd=view.snapshot payload={}
2026-04-15 19:55:40,032 | INFO | cmd=list_scenarios payload={}
2026-04-15 19:55:40,533 | INFO | cmd=view.snapshot payload={}
2026-04-15 19:55:50,033 | INFO | cmd=list_scenarios payload={}
2026-04-15 19:55:50,533 | INFO | cmd=view.snapshot payload={}
2026-04-15 19:56:00,033 | INFO | cmd=list_scenarios payload={}
2026-04-15 19:56:00,533 | INFO | cmd=view.snapshot payload={}
2026-04-15 19:56:10,033 | INFO | cmd=list_scenarios payload={}
2026-04-15 19:56:10,533 | INFO | cmd=view.snapshot payload={}
2026-04-15 19:56:20,032 | INFO | cmd=list_scenarios payload={}
2026-04-15 19:56:20,533 | INFO | cmd=view.snapshot payload={}
2026-04-15 19:56:30,033 | INFO | cmd=list_scenarios payload={}
2026-04-15 19:56:30,533 | INFO | cmd=view.snapshot payload={}
2026-04-15 19:56:40,033 | INFO | cmd=list_scenarios payload={}
2026-04-15 19:56:40,533 | INFO | cmd=view.snapshot payload={}
2026-04-15 19:56:50,033 | INFO | cmd=list_scenarios payload={}
2026-04-15 19:56:50,533 | INFO | cmd=view.snapshot payload={}
2026-04-15 19:57:00,033 | INFO | cmd=list_scenarios payload={}
2026-04-15 19:57:00,533 | INFO | cmd=view.snapshot payload={}
2026-04-15 19:57:10,033 | INFO | cmd=list_scenarios payload={}
2026-04-15 19:57:10,533 | INFO | cmd=view.snapshot payload={}
2026-04-15 19:57:20,033 | INFO | cmd=list_scenarios payload={}
2026-04-15 19:57:20,533 | INFO | cmd=view.snapshot payload={}
2026-04-15 19:57:30,032 | INFO | cmd=list_scenarios payload={}
2026-04-15 19:57:30,533 | INFO | cmd=view.snapshot payload={}
2026-04-15 19:57:40,033 | INFO | cmd=list_scenarios payload={}
2026-04-15 19:57:40,533 | INFO | cmd=view.snapshot payload={}
2026-04-15 19:57:50,034 | INFO | cmd=list_scenarios payload={}
2026-04-15 19:57:50,534 | INFO | cmd=view.snapshot payload={}
2026-04-15 19:58:00,033 | INFO | cmd=list_scenarios payload={}
2026-04-15 19:58:00,533 | INFO | cmd=view.snapshot payload={}
2026-04-15 19:58:10,033 | INFO | cmd=list_scenarios payload={}
2026-04-15 19:58:10,533 | INFO | cmd=view.snapshot payload={}
2026-04-15 19:58:20,032 | INFO | cmd=list_scenarios payload={}
2026-04-15 19:58:20,533 | INFO | cmd=view.snapshot payload={}
2026-04-15 19:58:30,033 | INFO | cmd=list_scenarios payload={}
2026-04-15 19:58:30,533 | INFO | cmd=view.snapshot payload={}
2026-04-15 19:58:40,033 | INFO | cmd=list_scenarios payload={}
2026-04-15 19:58:40,533 | INFO | cmd=view.snapshot payload={}
2026-04-15 19:58:50,033 | INFO | cmd=list_scenarios payload={}
2026-04-15 19:58:50,533 | INFO | cmd=view.snapshot payload={}
2026-04-15 19:59:00,032 | INFO | cmd=list_scenarios payload={}
2026-04-15 19:59:00,532 | INFO | cmd=view.snapshot payload={}
2026-04-15 19:59:10,033 | INFO | cmd=list_scenarios payload={}
2026-04-15 19:59:10,533 | INFO | cmd=view.snapshot payload={}
2026-04-15 19:59:20,032 | INFO | cmd=list_scenarios payload={}
2026-04-15 19:59:20,532 | INFO | cmd=view.snapshot payload={}
2026-04-15 19:59:30,033 | INFO | cmd=list_scenarios payload={}
2026-04-15 19:59:30,533 | INFO | cmd=view.snapshot payload={}
2026-04-15 19:59:40,033 | INFO | cmd=list_scenarios payload={}
2026-04-15 19:59:40,533 | INFO | cmd=view.snapshot payload={}
2026-04-15 19:59:50,033 | INFO | cmd=list_scenarios payload={}
2026-04-15 19:59:50,533 | INFO | cmd=view.snapshot payload={}
2026-04-15 20:00:00,033 | INFO | cmd=list_scenarios payload={}
2026-04-15 20:00:00,533 | INFO | cmd=view.snapshot payload={}
2026-04-15 20:00:10,032 | INFO | cmd=list_scenarios payload={}
2026-04-15 20:00:10,532 | INFO | cmd=view.snapshot payload={}
2026-04-15 20:00:20,033 | INFO | cmd=list_scenarios payload={}
2026-04-15 20:00:20,533 | INFO | cmd=view.snapshot payload={}
2026-04-15 20:00:30,032 | INFO | cmd=list_scenarios payload={}
2026-04-15 20:00:30,533 | INFO | cmd=view.snapshot payload={}
2026-04-15 20:00:40,032 | INFO | cmd=list_scenarios payload={}
2026-04-15 20:00:40,532 | INFO | cmd=view.snapshot payload={}
2026-04-15 20:00:50,032 | INFO | cmd=list_scenarios payload={}
2026-04-15 20:00:50,533 | INFO | cmd=view.snapshot payload={}
2026-04-15 20:01:00,033 | INFO | cmd=list_scenarios payload={}
2026-04-15 20:01:00,533 | INFO | cmd=view.snapshot payload={}
2026-04-15 20:01:10,033 | INFO | cmd=list_scenarios payload={}
2026-04-15 20:01:10,533 | INFO | cmd=view.snapshot payload={}
2026-04-15 20:01:20,033 | INFO | cmd=list_scenarios payload={}
2026-04-15 20:01:20,533 | INFO | cmd=view.snapshot payload={}
2026-04-15 20:01:30,033 | INFO | cmd=list_scenarios payload={}
2026-04-15 20:01:30,533 | INFO | cmd=view.snapshot payload={}
2026-04-15 20:01:40,032 | INFO | cmd=list_scenarios payload={}
2026-04-15 20:01:40,532 | INFO | cmd=view.snapshot payload={}
2026-04-15 20:01:50,033 | INFO | cmd=list_scenarios payload={}
2026-04-15 20:01:50,533 | INFO | cmd=view.snapshot payload={}
2026-04-15 20:02:00,032 | INFO | cmd=list_scenarios payload={}
2026-04-15 20:02:00,532 | INFO | cmd=view.snapshot payload={}
2026-04-15 20:02:10,032 | INFO | cmd=list_scenarios payload={}
2026-04-15 20:02:10,533 | INFO | cmd=view.snapshot payload={}
2026-04-15 20:02:20,032 | INFO | cmd=list_scenarios payload={}
2026-04-15 20:02:20,532 | INFO | cmd=view.snapshot payload={}
2026-04-15 20:02:30,032 | INFO | cmd=list_scenarios payload={}
2026-04-15 20:02:30,533 | INFO | cmd=view.snapshot payload={}
2026-04-15 20:02:40,033 | INFO | cmd=list_scenarios payload={}
2026-04-15 20:02:40,533 | INFO | cmd=view.snapshot payload={}
2026-04-15 20:02:50,033 | INFO | cmd=list_scenarios payload={}
2026-04-15 20:02:50,533 | INFO | cmd=view.snapshot payload={}
2026-04-15 20:03:00,032 | INFO | cmd=list_scenarios payload={}
2026-04-15 20:03:00,532 | INFO | cmd=view.snapshot payload={}
2026-04-15 20:03:10,032 | INFO | cmd=list_scenarios payload={}
2026-04-15 20:03:10,533 | INFO | cmd=view.snapshot payload={}
2026-04-15 20:03:20,033 | INFO | cmd=list_scenarios payload={}
2026-04-15 20:03:20,533 | INFO | cmd=view.snapshot payload={}
2026-04-15 20:03:30,033 | INFO | cmd=list_scenarios payload={}
2026-04-15 20:03:30,533 | INFO | cmd=view.snapshot payload={}
2026-04-15 20:03:40,032 | INFO | cmd=list_scenarios payload={}
2026-04-15 20:03:40,533 | INFO | cmd=view.snapshot payload={}
2026-04-15 20:03:50,033 | INFO | cmd=list_scenarios payload={}
2026-04-15 20:03:50,533 | INFO | cmd=view.snapshot payload={}
2026-04-15 20:04:00,033 | INFO | cmd=list_scenarios payload={}
2026-04-15 20:04:00,533 | INFO | cmd=view.snapshot payload={}
2026-04-15 20:04:10,032 | INFO | cmd=list_scenarios payload={}
2026-04-15 20:04:10,532 | INFO | cmd=view.snapshot payload={}
2026-04-15 20:04:20,032 | INFO | cmd=list_scenarios payload={}
2026-04-15 20:04:20,532 | INFO | cmd=view.snapshot payload={}
2026-04-15 20:04:30,032 | INFO | cmd=list_scenarios payload={}
2026-04-15 20:04:30,533 | INFO | cmd=view.snapshot payload={}
2026-04-15 20:04:40,032 | INFO | cmd=list_scenarios payload={}
2026-04-15 20:04:40,532 | INFO | cmd=view.snapshot payload={}
2026-04-15 20:04:50,033 | INFO | cmd=list_scenarios payload={}
2026-04-15 20:04:50,533 | INFO | cmd=view.snapshot payload={}
2026-04-15 20:05:00,032 | INFO | cmd=list_scenarios payload={}
2026-04-15 20:05:00,532 | INFO | cmd=view.snapshot payload={}
2026-04-15 20:05:10,033 | INFO | cmd=list_scenarios payload={}
2026-04-15 20:05:10,533 | INFO | cmd=view.snapshot payload={}
2026-04-15 20:05:20,032 | INFO | cmd=list_scenarios payload={}
2026-04-15 20:05:20,533 | INFO | cmd=view.snapshot payload={}
2026-04-15 20:05:30,032 | INFO | cmd=list_scenarios payload={}
2026-04-15 20:05:30,533 | INFO | cmd=view.snapshot payload={}
2026-04-15 20:05:40,032 | INFO | cmd=list_scenarios payload={}
2026-04-15 20:05:40,532 | INFO | cmd=view.snapshot payload={}
2026-04-15 20:05:50,033 | INFO | cmd=list_scenarios payload={}
2026-04-15 20:05:50,533 | INFO | cmd=view.snapshot payload={}
2026-04-15 20:06:00,033 | INFO | cmd=list_scenarios payload={}
2026-04-15 20:06:00,533 | INFO | cmd=view.snapshot payload={}
2026-04-15 20:06:10,032 | INFO | cmd=list_scenarios payload={}
2026-04-15 20:06:10,532 | INFO | cmd=view.snapshot payload={}
2026-04-15 20:06:20,033 | INFO | cmd=list_scenarios payload={}
2026-04-15 20:06:20,533 | INFO | cmd=view.snapshot payload={}
2026-04-15 20:06:30,033 | INFO | cmd=list_scenarios payload={}
2026-04-15 20:06:30,533 | INFO | cmd=view.snapshot payload={}
2026-04-15 20:06:40,033 | INFO | cmd=list_scenarios payload={}
2026-04-15 20:06:40,533 | INFO | cmd=view.snapshot payload={}
2026-04-15 20:06:50,032 | INFO | cmd=list_scenarios payload={}
2026-04-15 20:06:50,533 | INFO | cmd=view.snapshot payload={}
2026-04-15 20:07:00,033 | INFO | cmd=list_scenarios payload={}
2026-04-15 20:07:00,533 | INFO | cmd=view.snapshot payload={}
2026-04-15 20:07:10,032 | INFO | cmd=list_scenarios payload={}
2026-04-15 20:07:10,533 | INFO | cmd=view.snapshot payload={}
2026-04-15 20:07:20,034 | INFO | cmd=list_scenarios payload={}
2026-04-15 20:07:20,533 | INFO | cmd=view.snapshot payload={}
2026-04-15 20:07:30,032 | INFO | cmd=list_scenarios payload={}
2026-04-15 20:07:30,532 | INFO | cmd=view.snapshot payload={}
2026-04-15 20:07:40,033 | INFO | cmd=list_scenarios payload={}
2026-04-15 20:07:40,533 | INFO | cmd=view.snapshot payload={}
2026-04-15 20:07:50,033 | INFO | cmd=list_scenarios payload={}
2026-04-15 20:07:50,533 | INFO | cmd=view.snapshot payload={}
2026-04-15 20:08:00,032 | INFO | cmd=list_scenarios payload={}
2026-04-15 20:08:00,532 | INFO | cmd=view.snapshot payload={}
2026-04-15 20:08:10,033 | INFO | cmd=list_scenarios payload={}
2026-04-15 20:08:10,533 | INFO | cmd=view.snapshot payload={}
2026-04-15 20:08:20,033 | INFO | cmd=list_scenarios payload={}
2026-04-15 20:08:20,533 | INFO | cmd=view.snapshot payload={}
2026-04-15 20:08:30,033 | INFO | cmd=list_scenarios payload={}
2026-04-15 20:08:30,533 | INFO | cmd=view.snapshot payload={}
2026-04-15 20:08:40,032 | INFO | cmd=list_scenarios payload={}
2026-04-15 20:08:40,532 | INFO | cmd=view.snapshot payload={}
2026-04-15 20:08:50,032 | INFO | cmd=list_scenarios payload={}
2026-04-15 20:08:50,533 | INFO | cmd=view.snapshot payload={}
2026-04-15 20:09:00,033 | INFO | cmd=list_scenarios payload={}
2026-04-15 20:09:00,533 | INFO | cmd=view.snapshot payload={}
2026-04-15 20:09:10,033 | INFO | cmd=list_scenarios payload={}
2026-04-15 20:09:10,533 | INFO | cmd=view.snapshot payload={}
2026-04-15 20:09:20,033 | INFO | cmd=list_scenarios payload={}
2026-04-15 20:09:20,532 | INFO | cmd=view.snapshot payload={}
2026-04-15 20:09:30,032 | INFO | cmd=list_scenarios payload={}
2026-04-15 20:09:30,533 | INFO | cmd=view.snapshot payload={}
2026-04-15 20:09:40,033 | INFO | cmd=list_scenarios payload={}
2026-04-15 20:09:40,533 | INFO | cmd=view.snapshot payload={}
2026-04-15 20:09:50,032 | INFO | cmd=list_scenarios payload={}
2026-04-15 20:09:50,533 | INFO | cmd=view.snapshot payload={}
2026-04-15 20:10:00,033 | INFO | cmd=list_scenarios payload={}
2026-04-15 20:10:00,533 | INFO | cmd=view.snapshot payload={}
2026-04-15 20:10:10,032 | INFO | cmd=list_scenarios payload={}
2026-04-15 20:10:10,533 | INFO | cmd=view.snapshot payload={}
2026-04-15 20:10:20,033 | INFO | cmd=list_scenarios payload={}
2026-04-15 20:10:20,532 | INFO | cmd=view.snapshot payload={}
2026-04-15 20:10:30,032 | INFO | cmd=list_scenarios payload={}
2026-04-15 20:10:30,533 | INFO | cmd=view.snapshot payload={}
2026-04-15 20:10:40,033 | INFO | cmd=list_scenarios payload={}
2026-04-15 20:10:40,532 | INFO | cmd=view.snapshot payload={}
2026-04-15 20:10:50,033 | INFO | cmd=list_scenarios payload={}
2026-04-15 20:10:50,533 | INFO | cmd=view.snapshot payload={}
2026-04-15 20:11:00,032 | INFO | cmd=list_scenarios payload={}
2026-04-15 20:11:00,533 | INFO | cmd=view.snapshot payload={}
2026-04-15 20:11:10,032 | INFO | cmd=list_scenarios payload={}
2026-04-15 20:11:10,532 | INFO | cmd=view.snapshot payload={}
2026-04-15 20:11:20,032 | INFO | cmd=list_scenarios payload={}
2026-04-15 20:11:20,532 | INFO | cmd=view.snapshot payload={}
2026-04-15 20:11:30,032 | INFO | cmd=list_scenarios payload={}
2026-04-15 20:11:30,533 | INFO | cmd=view.snapshot payload={}
2026-04-15 20:11:40,032 | INFO | cmd=list_scenarios payload={}
2026-04-15 20:11:40,533 | INFO | cmd=view.snapshot payload={}
2026-04-15 20:11:50,033 | INFO | cmd=list_scenarios payload={}
2026-04-15 20:11:50,533 | INFO | cmd=view.snapshot payload={}
2026-04-15 20:12:00,032 | INFO | cmd=list_scenarios payload={}
2026-04-15 20:12:00,533 | INFO | cmd=view.snapshot payload={}
2026-04-15 20:12:10,032 | INFO | cmd=list_scenarios payload={}
2026-04-15 20:12:10,533 | INFO | cmd=view.snapshot payload={}
2026-04-15 20:12:20,033 | INFO | cmd=list_scenarios payload={}
2026-04-15 20:12:20,533 | INFO | cmd=view.snapshot payload={}
2026-04-15 20:12:30,032 | INFO | cmd=list_scenarios payload={}
2026-04-15 20:12:30,532 | INFO | cmd=view.snapshot payload={}
2026-04-15 20:12:40,032 | INFO | cmd=list_scenarios payload={}
2026-04-15 20:12:40,532 | INFO | cmd=view.snapshot payload={}
2026-04-15 20:12:50,032 | INFO | cmd=list_scenarios payload={}
2026-04-15 20:12:50,533 | INFO | cmd=view.snapshot payload={}
2026-04-15 20:13:00,032 | INFO | cmd=list_scenarios payload={}
2026-04-15 20:13:00,533 | INFO | cmd=view.snapshot payload={}
2026-04-15 20:13:10,032 | INFO | cmd=list_scenarios payload={}
2026-04-15 20:13:10,533 | INFO | cmd=view.snapshot payload={}
2026-04-15 20:13:20,033 | INFO | cmd=list_scenarios payload={}
2026-04-15 20:13:20,532 | INFO | cmd=view.snapshot payload={}
2026-04-15 20:13:30,032 | INFO | cmd=list_scenarios payload={}
2026-04-15 20:13:30,533 | INFO | cmd=view.snapshot payload={}
2026-04-15 20:13:40,032 | INFO | cmd=list_scenarios payload={}
2026-04-15 20:13:40,533 | INFO | cmd=view.snapshot payload={}
2026-04-15 20:13:50,033 | INFO | cmd=list_scenarios payload={}
2026-04-15 20:13:50,533 | INFO | cmd=view.snapshot payload={}
2026-04-15 20:14:00,033 | INFO | cmd=list_scenarios payload={}
2026-04-15 20:14:00,533 | INFO | cmd=view.snapshot payload={}
2026-04-15 20:14:10,032 | INFO | cmd=list_scenarios payload={}
2026-04-15 20:14:10,532 | INFO | cmd=view.snapshot payload={}
2026-04-15 20:14:20,033 | INFO | cmd=list_scenarios payload={}
2026-04-15 20:14:20,533 | INFO | cmd=view.snapshot payload={}
2026-04-15 20:14:30,032 | INFO | cmd=list_scenarios payload={}
2026-04-15 20:14:30,533 | INFO | cmd=view.snapshot payload={}
2026-04-15 20:14:40,033 | INFO | cmd=list_scenarios payload={}
2026-04-15 20:14:40,533 | INFO | cmd=view.snapshot payload={}
2026-04-15 20:14:50,033 | INFO | cmd=list_scenarios payload={}
2026-04-15 20:14:50,533 | INFO | cmd=view.snapshot payload={}
2026-04-15 20:15:00,032 | INFO | cmd=list_scenarios payload={}
2026-04-15 20:15:00,532 | INFO | cmd=view.snapshot payload={}
2026-04-15 20:15:10,032 | INFO | cmd=list_scenarios payload={}
2026-04-15 20:15:10,533 | INFO | cmd=view.snapshot payload={}
2026-04-15 20:15:20,032 | INFO | cmd=list_scenarios payload={}
2026-04-15 20:15:20,532 | INFO | cmd=view.snapshot payload={}
2026-04-15 20:15:30,033 | INFO | cmd=list_scenarios payload={}
2026-04-15 20:15:30,533 | INFO | cmd=view.snapshot payload={}
2026-04-15 20:15:40,033 | INFO | cmd=list_scenarios payload={}
2026-04-15 20:15:40,533 | INFO | cmd=view.snapshot payload={}
2026-04-15 20:15:50,033 | INFO | cmd=list_scenarios payload={}
2026-04-15 20:15:50,533 | INFO | cmd=view.snapshot payload={}
2026-04-15 20:16:00,032 | INFO | cmd=list_scenarios payload={}
2026-04-15 20:16:00,533 | INFO | cmd=view.snapshot payload={}
2026-04-15 20:16:10,032 | INFO | cmd=list_scenarios payload={}
2026-04-15 20:16:10,533 | INFO | cmd=view.snapshot payload={}
2026-04-15 20:16:20,033 | INFO | cmd=list_scenarios payload={}
2026-04-15 20:16:20,534 | INFO | cmd=view.snapshot payload={}
2026-04-15 20:16:30,032 | INFO | cmd=list_scenarios payload={}
2026-04-15 20:16:30,532 | INFO | cmd=view.snapshot payload={}
2026-04-15 20:16:40,032 | INFO | cmd=list_scenarios payload={}
2026-04-15 20:16:40,533 | INFO | cmd=view.snapshot payload={}
2026-04-15 20:16:50,032 | INFO | cmd=list_scenarios payload={}
2026-04-15 20:16:50,533 | INFO | cmd=view.snapshot payload={}
2026-04-15 20:17:00,033 | INFO | cmd=list_scenarios payload={}
2026-04-15 20:17:00,533 | INFO | cmd=view.snapshot payload={}
2026-04-15 20:17:10,032 | INFO | cmd=list_scenarios payload={}
2026-04-15 20:17:10,533 | INFO | cmd=view.snapshot payload={}
2026-04-15 20:17:20,032 | INFO | cmd=list_scenarios payload={}
2026-04-15 20:17:20,533 | INFO | cmd=view.snapshot payload={}
2026-04-15 20:17:23,428 | INFO | client disconnected
2026-04-15 20:17:28,254 | INFO | client connected
2026-04-15 20:17:28,260 | INFO | cmd=list_scenarios payload={}
2026-04-15 20:17:28,261 | INFO | cmd=view.snapshot payload={}
2026-04-15 20:17:38,258 | INFO | cmd=list_scenarios payload={}
2026-04-15 20:17:38,758 | INFO | cmd=view.snapshot payload={}
2026-04-15 20:17:48,253 | INFO | cmd=list_scenarios payload={}
2026-04-15 20:17:48,753 | INFO | cmd=view.snapshot payload={}
2026-04-15 20:17:58,253 | INFO | cmd=list_scenarios payload={}
2026-04-15 20:17:58,753 | INFO | cmd=view.snapshot payload={}
2026-04-15 20:18:08,253 | INFO | cmd=list_scenarios payload={}
2026-04-15 20:18:08,753 | INFO | cmd=view.snapshot payload={}
2026-04-15 20:18:18,253 | INFO | cmd=list_scenarios payload={}
2026-04-15 20:18:18,753 | INFO | cmd=view.snapshot payload={}
2026-04-15 20:18:28,253 | INFO | cmd=list_scenarios payload={}
2026-04-15 20:18:28,753 | INFO | cmd=view.snapshot payload={}
2026-04-15 20:18:38,253 | INFO | cmd=list_scenarios payload={}
2026-04-15 20:18:38,753 | INFO | cmd=view.snapshot payload={}
2026-04-15 20:18:48,253 | INFO | cmd=list_scenarios payload={}
2026-04-15 20:18:48,753 | INFO | cmd=view.snapshot payload={}
2026-04-15 20:18:58,253 | INFO | cmd=list_scenarios payload={}
2026-04-15 20:18:58,753 | INFO | cmd=view.snapshot payload={}
2026-04-15 20:19:08,253 | INFO | cmd=list_scenarios payload={}
2026-04-15 20:19:08,753 | INFO | cmd=view.snapshot payload={}
2026-04-15 20:19:18,253 | INFO | cmd=list_scenarios payload={}
2026-04-15 20:19:18,753 | INFO | cmd=view.snapshot payload={}
2026-04-15 20:19:28,254 | INFO | cmd=list_scenarios payload={}
2026-04-15 20:19:28,753 | INFO | cmd=view.snapshot payload={}
2026-04-15 20:19:38,253 | INFO | cmd=list_scenarios payload={}
2026-04-15 20:19:38,753 | INFO | cmd=view.snapshot payload={}
2026-04-15 20:19:48,253 | INFO | cmd=list_scenarios payload={}
2026-04-15 20:19:48,753 | INFO | cmd=view.snapshot payload={}
2026-04-15 20:19:58,253 | INFO | cmd=list_scenarios payload={}
2026-04-15 20:19:58,753 | INFO | cmd=view.snapshot payload={}
2026-04-15 20:20:08,253 | INFO | cmd=list_scenarios payload={}
2026-04-15 20:20:08,753 | INFO | cmd=view.snapshot payload={}
2026-04-15 20:20:18,253 | INFO | cmd=list_scenarios payload={}
2026-04-15 20:20:18,753 | INFO | cmd=view.snapshot payload={}
2026-04-15 20:20:28,253 | INFO | cmd=list_scenarios payload={}
2026-04-15 20:20:28,753 | INFO | cmd=view.snapshot payload={}
2026-04-15 20:20:38,253 | INFO | cmd=list_scenarios payload={}
2026-04-15 20:20:38,753 | INFO | cmd=view.snapshot payload={}
2026-04-15 20:20:48,253 | INFO | cmd=list_scenarios payload={}
2026-04-15 20:20:48,753 | INFO | cmd=view.snapshot payload={}
2026-04-15 20:20:58,253 | INFO | cmd=list_scenarios payload={}
2026-04-15 20:20:58,753 | INFO | cmd=view.snapshot payload={}
2026-04-15 20:21:08,253 | INFO | cmd=list_scenarios payload={}
2026-04-15 20:21:08,753 | INFO | cmd=view.snapshot payload={}
2026-04-15 20:21:18,253 | INFO | cmd=list_scenarios payload={}
2026-04-15 20:21:18,753 | INFO | cmd=view.snapshot payload={}
2026-04-15 20:21:28,253 | INFO | cmd=list_scenarios payload={}
2026-04-15 20:21:28,753 | INFO | cmd=view.snapshot payload={}
2026-04-15 20:21:38,253 | INFO | cmd=list_scenarios payload={}
2026-04-15 20:21:38,753 | INFO | cmd=view.snapshot payload={}
2026-04-15 20:21:48,253 | INFO | cmd=list_scenarios payload={}
2026-04-15 20:21:48,753 | INFO | cmd=view.snapshot payload={}
2026-04-15 20:21:58,254 | INFO | cmd=list_scenarios payload={}
2026-04-15 20:21:58,755 | INFO | cmd=view.snapshot payload={}
2026-04-15 20:22:08,253 | INFO | cmd=list_scenarios payload={}
2026-04-15 20:22:08,753 | INFO | cmd=view.snapshot payload={}
2026-04-15 20:22:18,255 | INFO | cmd=list_scenarios payload={}
2026-04-15 20:22:18,753 | INFO | cmd=view.snapshot payload={}
2026-04-15 20:22:28,253 | INFO | cmd=list_scenarios payload={}
2026-04-15 20:22:28,753 | INFO | cmd=view.snapshot payload={}
2026-04-15 20:22:38,253 | INFO | cmd=list_scenarios payload={}
2026-04-15 20:22:38,753 | INFO | cmd=view.snapshot payload={}
2026-04-15 20:22:48,253 | INFO | cmd=list_scenarios payload={}
2026-04-15 20:22:48,753 | INFO | cmd=view.snapshot payload={}
2026-04-15 20:22:58,253 | INFO | cmd=list_scenarios payload={}
2026-04-15 20:22:58,753 | INFO | cmd=view.snapshot payload={}
2026-04-15 20:23:08,253 | INFO | cmd=list_scenarios payload={}
2026-04-15 20:23:08,753 | INFO | cmd=view.snapshot payload={}
2026-04-15 20:23:18,253 | INFO | cmd=list_scenarios payload={}
2026-04-15 20:23:18,753 | INFO | cmd=view.snapshot payload={}
2026-04-15 20:23:28,253 | INFO | cmd=list_scenarios payload={}
2026-04-15 20:23:28,753 | INFO | cmd=view.snapshot payload={}
2026-04-15 20:23:38,253 | INFO | cmd=list_scenarios payload={}
2026-04-15 20:23:38,753 | INFO | cmd=view.snapshot payload={}
2026-04-15 20:23:48,253 | INFO | cmd=list_scenarios payload={}
2026-04-15 20:23:48,753 | INFO | cmd=view.snapshot payload={}
2026-04-15 20:23:58,253 | INFO | cmd=list_scenarios payload={}
2026-04-15 20:23:58,753 | INFO | cmd=view.snapshot payload={}
2026-04-15 20:24:08,253 | INFO | cmd=list_scenarios payload={}
2026-04-15 20:24:08,753 | INFO | cmd=view.snapshot payload={}
2026-04-15 20:24:18,253 | INFO | cmd=list_scenarios payload={}
2026-04-15 20:24:18,753 | INFO | cmd=view.snapshot payload={}
2026-04-15 20:24:28,253 | INFO | cmd=list_scenarios payload={}
2026-04-15 20:24:28,753 | INFO | cmd=view.snapshot payload={}
2026-04-15 20:24:38,253 | INFO | cmd=list_scenarios payload={}
2026-04-15 20:24:38,753 | INFO | cmd=view.snapshot payload={}
2026-04-15 20:24:48,253 | INFO | cmd=list_scenarios payload={}
2026-04-15 20:24:48,753 | INFO | cmd=view.snapshot payload={}
2026-04-15 20:24:58,254 | INFO | cmd=list_scenarios payload={}
2026-04-15 20:24:58,753 | INFO | cmd=view.snapshot payload={}
2026-04-15 20:25:08,254 | INFO | cmd=list_scenarios payload={}
2026-04-15 20:25:08,754 | INFO | cmd=view.snapshot payload={}
2026-04-15 20:25:18,253 | INFO | cmd=list_scenarios payload={}
2026-04-15 20:25:18,753 | INFO | cmd=view.snapshot payload={}
2026-04-15 20:25:28,253 | INFO | cmd=list_scenarios payload={}
2026-04-15 20:25:28,753 | INFO | cmd=view.snapshot payload={}
2026-04-15 20:25:38,253 | INFO | cmd=list_scenarios payload={}
2026-04-15 20:25:38,753 | INFO | cmd=view.snapshot payload={}
2026-04-15 20:25:48,253 | INFO | cmd=list_scenarios payload={}
2026-04-15 20:25:48,753 | INFO | cmd=view.snapshot payload={}
2026-04-15 20:25:58,253 | INFO | cmd=list_scenarios payload={}
2026-04-15 20:25:58,753 | INFO | cmd=view.snapshot payload={}
2026-04-15 20:26:08,253 | INFO | cmd=list_scenarios payload={}
2026-04-15 20:26:08,753 | INFO | cmd=view.snapshot payload={}
2026-04-15 20:26:18,253 | INFO | cmd=list_scenarios payload={}
2026-04-15 20:26:18,753 | INFO | cmd=view.snapshot payload={}
2026-04-15 20:26:28,253 | INFO | cmd=list_scenarios payload={}
2026-04-15 20:26:28,753 | INFO | cmd=view.snapshot payload={}
2026-04-15 20:26:38,253 | INFO | cmd=list_scenarios payload={}
2026-04-15 20:26:38,753 | INFO | cmd=view.snapshot payload={}
2026-04-15 20:26:48,253 | INFO | cmd=list_scenarios payload={}
2026-04-15 20:26:48,753 | INFO | cmd=view.snapshot payload={}
2026-04-15 20:26:58,253 | INFO | cmd=list_scenarios payload={}
2026-04-15 20:26:58,753 | INFO | cmd=view.snapshot payload={}
2026-04-15 20:27:08,253 | INFO | cmd=list_scenarios payload={}
2026-04-15 20:27:08,753 | INFO | cmd=view.snapshot payload={}
2026-04-15 20:27:18,254 | INFO | cmd=list_scenarios payload={}
2026-04-15 20:27:18,753 | INFO | cmd=view.snapshot payload={}
2026-04-15 20:27:28,253 | INFO | cmd=list_scenarios payload={}
2026-04-15 20:27:28,754 | INFO | cmd=view.snapshot payload={}
2026-04-15 20:27:38,253 | INFO | cmd=list_scenarios payload={}
2026-04-15 20:27:38,755 | INFO | cmd=view.snapshot payload={}
2026-04-15 20:27:48,253 | INFO | cmd=list_scenarios payload={}
2026-04-15 20:27:48,753 | INFO | cmd=view.snapshot payload={}
2026-04-15 20:27:58,254 | INFO | cmd=list_scenarios payload={}
2026-04-15 20:27:58,754 | INFO | cmd=view.snapshot payload={}
2026-04-15 20:28:08,253 | INFO | cmd=list_scenarios payload={}
2026-04-15 20:28:08,755 | INFO | cmd=view.snapshot payload={}
2026-04-15 20:28:18,253 | INFO | cmd=list_scenarios payload={}
2026-04-15 20:28:18,754 | INFO | cmd=view.snapshot payload={}
2026-04-15 20:28:28,253 | INFO | cmd=list_scenarios payload={}
2026-04-15 20:28:28,753 | INFO | cmd=view.snapshot payload={}
2026-04-15 20:28:38,253 | INFO | cmd=list_scenarios payload={}
2026-04-15 20:28:38,753 | INFO | cmd=view.snapshot payload={}
2026-04-15 20:28:48,254 | INFO | cmd=list_scenarios payload={}
2026-04-15 20:28:48,753 | INFO | cmd=view.snapshot payload={}
2026-04-15 20:28:58,253 | INFO | cmd=list_scenarios payload={}
2026-04-15 20:28:58,753 | INFO | cmd=view.snapshot payload={}
2026-04-15 20:29:08,253 | INFO | cmd=list_scenarios payload={}
2026-04-15 20:29:08,754 | INFO | cmd=view.snapshot payload={}
2026-04-15 20:29:18,253 | INFO | cmd=list_scenarios payload={}
2026-04-15 20:29:18,753 | INFO | cmd=view.snapshot payload={}
2026-04-15 20:29:28,254 | INFO | cmd=list_scenarios payload={}
2026-04-15 20:29:28,753 | INFO | cmd=view.snapshot payload={}
2026-04-15 20:29:38,253 | INFO | cmd=list_scenarios payload={}
2026-04-15 20:29:38,754 | INFO | cmd=view.snapshot payload={}
2026-04-15 20:29:48,253 | INFO | cmd=list_scenarios payload={}
2026-04-15 20:29:48,753 | INFO | cmd=view.snapshot payload={}
2026-04-15 20:29:58,254 | INFO | cmd=list_scenarios payload={}
2026-04-15 20:29:58,753 | INFO | cmd=view.snapshot payload={}
2026-04-15 20:30:08,253 | INFO | cmd=list_scenarios payload={}
2026-04-15 20:30:08,753 | INFO | cmd=view.snapshot payload={}
2026-04-15 20:30:18,253 | INFO | cmd=list_scenarios payload={}
2026-04-15 20:30:18,753 | INFO | cmd=view.snapshot payload={}
2026-04-15 20:30:28,253 | INFO | cmd=list_scenarios payload={}
2026-04-15 20:30:28,753 | INFO | cmd=view.snapshot payload={}
2026-04-15 20:30:38,253 | INFO | cmd=list_scenarios payload={}
2026-04-15 20:30:38,753 | INFO | cmd=view.snapshot payload={}
2026-04-15 20:30:48,254 | INFO | cmd=list_scenarios payload={}
2026-04-15 20:30:48,753 | INFO | cmd=view.snapshot payload={}
2026-04-15 20:30:58,253 | INFO | cmd=list_scenarios payload={}
2026-04-15 20:30:58,753 | INFO | cmd=view.snapshot payload={}
2026-04-15 20:31:08,254 | INFO | cmd=list_scenarios payload={}
2026-04-15 20:31:08,753 | INFO | cmd=view.snapshot payload={}
2026-04-15 20:31:18,253 | INFO | cmd=list_scenarios payload={}
2026-04-15 20:31:18,753 | INFO | cmd=view.snapshot payload={}
2026-04-15 20:31:28,253 | INFO | cmd=list_scenarios payload={}
2026-04-15 20:31:28,753 | INFO | cmd=view.snapshot payload={}
2026-04-15 20:31:38,253 | INFO | cmd=list_scenarios payload={}
2026-04-15 20:31:38,753 | INFO | cmd=view.snapshot payload={}
2026-04-15 20:31:48,254 | INFO | cmd=list_scenarios payload={}
2026-04-15 20:31:48,754 | INFO | cmd=view.snapshot payload={}
2026-04-15 20:31:58,253 | INFO | cmd=list_scenarios payload={}
2026-04-15 20:31:58,753 | INFO | cmd=view.snapshot payload={}
2026-04-15 20:32:08,253 | INFO | cmd=list_scenarios payload={}
2026-04-15 20:32:08,753 | INFO | cmd=view.snapshot payload={}
2026-04-15 20:32:18,253 | INFO | cmd=list_scenarios payload={}
2026-04-15 20:32:18,753 | INFO | cmd=view.snapshot payload={}
2026-04-15 20:32:28,253 | INFO | cmd=list_scenarios payload={}
2026-04-15 20:32:28,754 | INFO | cmd=view.snapshot payload={}
2026-04-15 20:32:38,253 | INFO | cmd=list_scenarios payload={}
2026-04-15 20:32:38,753 | INFO | cmd=view.snapshot payload={}
2026-04-15 20:32:48,253 | INFO | cmd=list_scenarios payload={}
2026-04-15 20:32:48,753 | INFO | cmd=view.snapshot payload={}
2026-04-15 20:32:58,254 | INFO | cmd=list_scenarios payload={}
2026-04-15 20:32:58,755 | INFO | cmd=view.snapshot payload={}
2026-04-15 20:33:08,253 | INFO | cmd=list_scenarios payload={}
2026-04-15 20:33:08,753 | INFO | cmd=view.snapshot payload={}
2026-04-15 20:33:18,253 | INFO | cmd=list_scenarios payload={}
2026-04-15 20:33:18,753 | INFO | cmd=view.snapshot payload={}
2026-04-15 20:33:28,253 | INFO | cmd=list_scenarios payload={}
2026-04-15 20:33:28,753 | INFO | cmd=view.snapshot payload={}
2026-04-15 20:33:38,253 | INFO | cmd=list_scenarios payload={}
2026-04-15 20:33:38,753 | INFO | cmd=view.snapshot payload={}
2026-04-15 20:33:48,253 | INFO | cmd=list_scenarios payload={}
2026-04-15 20:33:48,754 | INFO | cmd=view.snapshot payload={}
2026-04-15 20:33:58,253 | INFO | cmd=list_scenarios payload={}
2026-04-15 20:33:58,753 | INFO | cmd=view.snapshot payload={}
2026-04-15 20:34:08,253 | INFO | cmd=list_scenarios payload={}
2026-04-15 20:34:08,753 | INFO | cmd=view.snapshot payload={}
2026-04-15 20:34:18,253 | INFO | cmd=list_scenarios payload={}
2026-04-15 20:34:18,753 | INFO | cmd=view.snapshot payload={}
2026-04-15 20:34:28,253 | INFO | cmd=list_scenarios payload={}
2026-04-15 20:34:28,753 | INFO | cmd=view.snapshot payload={}
2026-04-15 20:34:38,253 | INFO | cmd=list_scenarios payload={}
2026-04-15 20:34:38,753 | INFO | cmd=view.snapshot payload={}
2026-04-15 20:34:48,253 | INFO | cmd=list_scenarios payload={}
2026-04-15 20:34:48,753 | INFO | cmd=view.snapshot payload={}
2026-04-15 20:34:58,253 | INFO | cmd=list_scenarios payload={}
2026-04-15 20:34:58,753 | INFO | cmd=view.snapshot payload={}
2026-04-15 20:35:08,253 | INFO | cmd=list_scenarios payload={}
2026-04-15 20:35:08,753 | INFO | cmd=view.snapshot payload={}
2026-04-15 20:35:18,254 | INFO | cmd=list_scenarios payload={}
2026-04-15 20:35:18,753 | INFO | cmd=view.snapshot payload={}
2026-04-15 20:35:28,254 | INFO | cmd=list_scenarios payload={}
2026-04-15 20:35:28,754 | INFO | cmd=view.snapshot payload={}
2026-04-15 20:35:38,253 | INFO | cmd=list_scenarios payload={}
2026-04-15 20:35:38,753 | INFO | cmd=view.snapshot payload={}
2026-04-15 20:35:48,253 | INFO | cmd=list_scenarios payload={}
2026-04-15 20:35:48,753 | INFO | cmd=view.snapshot payload={}
2026-04-15 20:35:58,254 | INFO | cmd=list_scenarios payload={}
2026-04-15 20:35:58,753 | INFO | cmd=view.snapshot payload={}
2026-04-15 20:36:08,253 | INFO | cmd=list_scenarios payload={}
2026-04-15 20:36:08,755 | INFO | cmd=view.snapshot payload={}
2026-04-15 20:36:18,253 | INFO | cmd=list_scenarios payload={}
2026-04-15 20:36:18,753 | INFO | cmd=view.snapshot payload={}
2026-04-15 20:36:28,253 | INFO | cmd=list_scenarios payload={}
2026-04-15 20:36:28,753 | INFO | cmd=view.snapshot payload={}
2026-04-15 20:36:38,253 | INFO | cmd=list_scenarios payload={}
2026-04-15 20:36:38,753 | INFO | cmd=view.snapshot payload={}
2026-04-15 20:36:48,253 | INFO | cmd=list_scenarios payload={}
2026-04-15 20:36:48,754 | INFO | cmd=view.snapshot payload={}
2026-04-15 20:36:58,254 | INFO | cmd=list_scenarios payload={}
2026-04-15 20:36:58,753 | INFO | cmd=view.snapshot payload={}
2026-04-15 20:37:08,253 | INFO | cmd=list_scenarios payload={}
2026-04-15 20:37:08,753 | INFO | cmd=view.snapshot payload={}
2026-04-15 20:37:18,253 | INFO | cmd=list_scenarios payload={}
2026-04-15 20:37:18,753 | INFO | cmd=view.snapshot payload={}
2026-04-15 20:37:28,253 | INFO | cmd=list_scenarios payload={}
2026-04-15 20:37:28,753 | INFO | cmd=view.snapshot payload={}
2026-04-15 20:37:38,253 | INFO | cmd=list_scenarios payload={}
2026-04-15 20:37:38,753 | INFO | cmd=view.snapshot payload={}
2026-04-15 20:37:48,253 | INFO | cmd=list_scenarios payload={}
2026-04-15 20:37:48,753 | INFO | cmd=view.snapshot payload={}
2026-04-15 20:37:58,253 | INFO | cmd=list_scenarios payload={}
2026-04-15 20:37:58,753 | INFO | cmd=view.snapshot payload={}
2026-04-15 20:38:08,260 | INFO | cmd=list_scenarios payload={}
2026-04-15 20:38:08,760 | INFO | cmd=view.snapshot payload={}
2026-04-15 20:38:18,253 | INFO | cmd=list_scenarios payload={}
2026-04-15 20:38:18,753 | INFO | cmd=view.snapshot payload={}
2026-04-15 20:38:28,254 | INFO | cmd=list_scenarios payload={}
2026-04-15 20:38:28,754 | INFO | cmd=view.snapshot payload={}
2026-04-15 20:38:38,254 | INFO | cmd=list_scenarios payload={}
2026-04-15 20:38:38,753 | INFO | cmd=view.snapshot payload={}
2026-04-15 20:38:48,253 | INFO | cmd=list_scenarios payload={}
2026-04-15 20:38:48,753 | INFO | cmd=view.snapshot payload={}
2026-04-15 20:38:58,253 | INFO | cmd=list_scenarios payload={}
2026-04-15 20:38:58,753 | INFO | cmd=view.snapshot payload={}
2026-04-15 20:39:08,253 | INFO | cmd=list_scenarios payload={}
2026-04-15 20:39:08,753 | INFO | cmd=view.snapshot payload={}
2026-04-15 20:39:18,253 | INFO | cmd=list_scenarios payload={}
2026-04-15 20:39:18,754 | INFO | cmd=view.snapshot payload={}
2026-04-15 20:39:28,253 | INFO | cmd=list_scenarios payload={}
2026-04-15 20:39:28,753 | INFO | cmd=view.snapshot payload={}
2026-04-15 20:39:38,253 | INFO | cmd=list_scenarios payload={}
2026-04-15 20:39:38,753 | INFO | cmd=view.snapshot payload={}
2026-04-15 20:39:48,254 | INFO | cmd=list_scenarios payload={}
2026-04-15 20:39:48,754 | INFO | cmd=view.snapshot payload={}
2026-04-15 20:39:58,253 | INFO | cmd=list_scenarios payload={}
2026-04-15 20:39:58,753 | INFO | cmd=view.snapshot payload={}
2026-04-15 20:40:08,254 | INFO | cmd=list_scenarios payload={}
2026-04-15 20:40:08,753 | INFO | cmd=view.snapshot payload={}
2026-04-15 20:40:18,253 | INFO | cmd=list_scenarios payload={}
2026-04-15 20:40:18,753 | INFO | cmd=view.snapshot payload={}
2026-04-15 20:40:28,253 | INFO | cmd=list_scenarios payload={}
2026-04-15 20:40:28,753 | INFO | cmd=view.snapshot payload={}
2026-04-15 20:40:38,253 | INFO | cmd=list_scenarios payload={}
2026-04-15 20:40:38,753 | INFO | cmd=view.snapshot payload={}
2026-04-15 20:40:48,253 | INFO | cmd=list_scenarios payload={}
2026-04-15 20:40:48,753 | INFO | cmd=view.snapshot payload={}
2026-04-15 20:40:58,253 | INFO | cmd=list_scenarios payload={}
2026-04-15 20:40:58,753 | INFO | cmd=view.snapshot payload={}
2026-04-15 20:41:08,254 | INFO | cmd=list_scenarios payload={}
2026-04-15 20:41:08,753 | INFO | cmd=view.snapshot payload={}
2026-04-15 20:41:18,253 | INFO | cmd=list_scenarios payload={}
2026-04-15 20:41:18,753 | INFO | cmd=view.snapshot payload={}
2026-04-15 20:41:28,253 | INFO | cmd=list_scenarios payload={}
2026-04-15 20:41:28,753 | INFO | cmd=view.snapshot payload={}
2026-04-15 20:41:38,253 | INFO | cmd=list_scenarios payload={}
2026-04-15 20:41:38,753 | INFO | cmd=view.snapshot payload={}
2026-04-15 20:41:48,254 | INFO | cmd=list_scenarios payload={}
2026-04-15 20:41:48,753 | INFO | cmd=view.snapshot payload={}
2026-04-15 20:41:58,254 | INFO | cmd=list_scenarios payload={}
2026-04-15 20:41:58,754 | INFO | cmd=view.snapshot payload={}
2026-04-15 20:42:08,254 | INFO | cmd=list_scenarios payload={}
2026-04-15 20:42:08,753 | INFO | cmd=view.snapshot payload={}
2026-04-15 20:42:18,253 | INFO | cmd=list_scenarios payload={}
2026-04-15 20:42:18,754 | INFO | cmd=view.snapshot payload={}
2026-04-15 20:42:28,253 | INFO | cmd=list_scenarios payload={}
2026-04-15 20:42:28,753 | INFO | cmd=view.snapshot payload={}
2026-04-15 20:42:38,253 | INFO | cmd=list_scenarios payload={}
2026-04-15 20:42:38,753 | INFO | cmd=view.snapshot payload={}
2026-04-15 20:42:48,253 | INFO | cmd=list_scenarios payload={}
2026-04-15 20:42:48,753 | INFO | cmd=view.snapshot payload={}
2026-04-15 20:42:58,253 | INFO | cmd=list_scenarios payload={}
2026-04-15 20:42:58,753 | INFO | cmd=view.snapshot payload={}
2026-04-15 20:43:08,253 | INFO | cmd=list_scenarios payload={}
2026-04-15 20:43:08,753 | INFO | cmd=view.snapshot payload={}
2026-04-15 20:43:18,253 | INFO | cmd=list_scenarios payload={}
2026-04-15 20:43:18,753 | INFO | cmd=view.snapshot payload={}
2026-04-15 20:43:28,254 | INFO | cmd=list_scenarios payload={}
2026-04-15 20:43:28,754 | INFO | cmd=view.snapshot payload={}
2026-04-15 20:43:38,253 | INFO | cmd=list_scenarios payload={}
2026-04-15 20:43:38,753 | INFO | cmd=view.snapshot payload={}
2026-04-15 20:43:48,253 | INFO | cmd=list_scenarios payload={}
2026-04-15 20:43:48,753 | INFO | cmd=view.snapshot payload={}
2026-04-15 20:43:58,253 | INFO | cmd=list_scenarios payload={}
2026-04-15 20:43:58,753 | INFO | cmd=view.snapshot payload={}
2026-04-15 20:44:08,253 | INFO | cmd=list_scenarios payload={}
2026-04-15 20:44:08,755 | INFO | cmd=view.snapshot payload={}
2026-04-15 20:44:18,253 | INFO | cmd=list_scenarios payload={}
2026-04-15 20:44:18,755 | INFO | cmd=view.snapshot payload={}
2026-04-15 20:44:28,253 | INFO | cmd=list_scenarios payload={}
2026-04-15 20:44:28,753 | INFO | cmd=view.snapshot payload={}
2026-04-15 20:44:38,253 | INFO | cmd=list_scenarios payload={}
2026-04-15 20:44:38,753 | INFO | cmd=view.snapshot payload={}
2026-04-15 20:44:48,253 | INFO | cmd=list_scenarios payload={}
2026-04-15 20:44:48,753 | INFO | cmd=view.snapshot payload={}
2026-04-15 20:44:58,253 | INFO | cmd=list_scenarios payload={}
2026-04-15 20:44:58,753 | INFO | cmd=view.snapshot payload={}
2026-04-15 20:45:08,253 | INFO | cmd=list_scenarios payload={}
2026-04-15 20:45:08,753 | INFO | cmd=view.snapshot payload={}
2026-04-15 20:45:18,253 | INFO | cmd=list_scenarios payload={}
2026-04-15 20:45:18,753 | INFO | cmd=view.snapshot payload={}
2026-04-15 20:45:28,255 | INFO | cmd=list_scenarios payload={}
2026-04-15 20:45:28,754 | INFO | cmd=view.snapshot payload={}
2026-04-15 20:45:38,253 | INFO | cmd=list_scenarios payload={}
2026-04-15 20:45:38,753 | INFO | cmd=view.snapshot payload={}
2026-04-15 20:45:48,254 | INFO | cmd=list_scenarios payload={}
2026-04-15 20:45:48,753 | INFO | cmd=view.snapshot payload={}
2026-04-15 20:45:58,253 | INFO | cmd=list_scenarios payload={}
2026-04-15 20:45:58,754 | INFO | cmd=view.snapshot payload={}
2026-04-15 20:46:08,253 | INFO | cmd=list_scenarios payload={}
2026-04-15 20:46:08,754 | INFO | cmd=view.snapshot payload={}
2026-04-15 20:46:18,253 | INFO | cmd=list_scenarios payload={}
2026-04-15 20:46:18,753 | INFO | cmd=view.snapshot payload={}
2026-04-15 20:46:28,253 | INFO | cmd=list_scenarios payload={}
2026-04-15 20:46:28,754 | INFO | cmd=view.snapshot payload={}
2026-04-15 20:46:38,253 | INFO | cmd=list_scenarios payload={}
2026-04-15 20:46:38,754 | INFO | cmd=view.snapshot payload={}
2026-04-15 20:46:48,253 | INFO | cmd=list_scenarios payload={}
2026-04-15 20:46:48,753 | INFO | cmd=view.snapshot payload={}
2026-04-15 20:46:58,253 | INFO | cmd=list_scenarios payload={}
2026-04-15 20:46:58,753 | INFO | cmd=view.snapshot payload={}
2026-04-15 20:47:08,253 | INFO | cmd=list_scenarios payload={}
2026-04-15 20:47:08,753 | INFO | cmd=view.snapshot payload={}
2026-04-15 20:47:18,253 | INFO | cmd=list_scenarios payload={}
2026-04-15 20:47:18,753 | INFO | cmd=view.snapshot payload={}
2026-04-15 20:47:28,253 | INFO | cmd=list_scenarios payload={}
2026-04-15 20:47:28,753 | INFO | cmd=view.snapshot payload={}
2026-04-15 20:47:38,253 | INFO | cmd=list_scenarios payload={}
2026-04-15 20:47:38,753 | INFO | cmd=view.snapshot payload={}
2026-04-15 20:47:48,253 | INFO | cmd=list_scenarios payload={}
2026-04-15 20:47:48,753 | INFO | cmd=view.snapshot payload={}
2026-04-15 20:47:58,253 | INFO | cmd=list_scenarios payload={}
2026-04-15 20:47:58,753 | INFO | cmd=view.snapshot payload={}
2026-04-15 20:48:08,254 | INFO | cmd=list_scenarios payload={}
2026-04-15 20:48:08,754 | INFO | cmd=view.snapshot payload={}
2026-04-15 20:48:18,253 | INFO | cmd=list_scenarios payload={}
2026-04-15 20:48:18,753 | INFO | cmd=view.snapshot payload={}
2026-04-15 20:48:28,253 | INFO | cmd=list_scenarios payload={}
2026-04-15 20:48:28,753 | INFO | cmd=view.snapshot payload={}
2026-04-15 20:48:38,253 | INFO | cmd=list_scenarios payload={}
2026-04-15 20:48:38,753 | INFO | cmd=view.snapshot payload={}
2026-04-15 20:48:48,253 | INFO | cmd=list_scenarios payload={}
2026-04-15 20:48:48,754 | INFO | cmd=view.snapshot payload={}
2026-04-15 20:48:58,253 | INFO | cmd=list_scenarios payload={}
2026-04-15 20:48:58,753 | INFO | cmd=view.snapshot payload={}
2026-04-15 20:49:08,253 | INFO | cmd=list_scenarios payload={}
2026-04-15 20:49:08,755 | INFO | cmd=view.snapshot payload={}
2026-04-15 20:49:18,253 | INFO | cmd=list_scenarios payload={}
2026-04-15 20:49:18,754 | INFO | cmd=view.snapshot payload={}
2026-04-15 20:49:28,253 | INFO | cmd=list_scenarios payload={}
2026-04-15 20:49:28,754 | INFO | cmd=view.snapshot payload={}
2026-04-15 20:49:38,253 | INFO | cmd=list_scenarios payload={}
2026-04-15 20:49:38,754 | INFO | cmd=view.snapshot payload={}
2026-04-15 20:49:48,253 | INFO | cmd=list_scenarios payload={}
2026-04-15 20:49:48,753 | INFO | cmd=view.snapshot payload={}
2026-04-15 20:49:58,253 | INFO | cmd=list_scenarios payload={}
2026-04-15 20:49:58,754 | INFO | cmd=view.snapshot payload={}
2026-04-15 20:50:08,253 | INFO | cmd=list_scenarios payload={}
2026-04-15 20:50:08,753 | INFO | cmd=view.snapshot payload={}
2026-04-15 20:50:18,253 | INFO | cmd=list_scenarios payload={}
2026-04-15 20:50:18,754 | INFO | cmd=view.snapshot payload={}
2026-04-15 20:50:28,253 | INFO | cmd=list_scenarios payload={}
2026-04-15 20:50:28,753 | INFO | cmd=view.snapshot payload={}
2026-04-15 20:50:38,253 | INFO | cmd=list_scenarios payload={}
2026-04-15 20:50:38,753 | INFO | cmd=view.snapshot payload={}
2026-04-15 20:50:48,253 | INFO | cmd=list_scenarios payload={}
2026-04-15 20:50:48,754 | INFO | cmd=view.snapshot payload={}
2026-04-15 20:50:58,253 | INFO | cmd=list_scenarios payload={}
2026-04-15 20:50:58,753 | INFO | cmd=view.snapshot payload={}
2026-04-15 20:51:08,253 | INFO | cmd=list_scenarios payload={}
2026-04-15 20:51:08,753 | INFO | cmd=view.snapshot payload={}
2026-04-15 20:51:18,253 | INFO | cmd=list_scenarios payload={}
2026-04-15 20:51:18,753 | INFO | cmd=view.snapshot payload={}
2026-04-15 20:51:28,253 | INFO | cmd=list_scenarios payload={}
2026-04-15 20:51:28,753 | INFO | cmd=view.snapshot payload={}
2026-04-15 20:51:38,253 | INFO | cmd=list_scenarios payload={}
2026-04-15 20:51:38,753 | INFO | cmd=view.snapshot payload={}
2026-04-15 20:51:48,255 | INFO | cmd=list_scenarios payload={}
2026-04-15 20:51:48,753 | INFO | cmd=view.snapshot payload={}
2026-04-15 20:51:58,253 | INFO | cmd=list_scenarios payload={}
2026-04-15 20:51:58,754 | INFO | cmd=view.snapshot payload={}
2026-04-15 20:52:08,253 | INFO | cmd=list_scenarios payload={}
2026-04-15 20:52:08,754 | INFO | cmd=view.snapshot payload={}
2026-04-15 20:52:18,253 | INFO | cmd=list_scenarios payload={}
2026-04-15 20:52:18,753 | INFO | cmd=view.snapshot payload={}
2026-04-15 20:52:28,253 | INFO | cmd=list_scenarios payload={}
2026-04-15 20:52:28,753 | INFO | cmd=view.snapshot payload={}
2026-04-15 20:52:38,253 | INFO | cmd=list_scenarios payload={}
2026-04-15 20:52:38,753 | INFO | cmd=view.snapshot payload={}
2026-04-15 20:52:48,253 | INFO | cmd=list_scenarios payload={}
2026-04-15 20:52:48,753 | INFO | cmd=view.snapshot payload={}
2026-04-15 20:52:58,253 | INFO | cmd=list_scenarios payload={}
2026-04-15 20:52:58,753 | INFO | cmd=view.snapshot payload={}
2026-04-15 20:53:08,253 | INFO | cmd=list_scenarios payload={}
2026-04-15 20:53:08,753 | INFO | cmd=view.snapshot payload={}
2026-04-15 20:53:18,253 | INFO | cmd=list_scenarios payload={}
2026-04-15 20:53:18,753 | INFO | cmd=view.snapshot payload={}
2026-04-15 20:53:28,253 | INFO | cmd=list_scenarios payload={}
2026-04-15 20:53:28,753 | INFO | cmd=view.snapshot payload={}
2026-04-15 20:53:38,253 | INFO | cmd=list_scenarios payload={}
2026-04-15 20:53:38,753 | INFO | cmd=view.snapshot payload={}
2026-04-15 20:53:48,253 | INFO | cmd=list_scenarios payload={}
2026-04-15 20:53:48,754 | INFO | cmd=view.snapshot payload={}
2026-04-15 20:53:58,254 | INFO | cmd=list_scenarios payload={}
2026-04-15 20:53:58,753 | INFO | cmd=view.snapshot payload={}
2026-04-15 20:54:08,254 | INFO | cmd=list_scenarios payload={}
2026-04-15 20:54:08,753 | INFO | cmd=view.snapshot payload={}
2026-04-15 20:54:18,253 | INFO | cmd=list_scenarios payload={}
2026-04-15 20:54:18,753 | INFO | cmd=view.snapshot payload={}
2026-04-15 20:54:28,253 | INFO | cmd=list_scenarios payload={}
2026-04-15 20:54:28,754 | INFO | cmd=view.snapshot payload={}
2026-04-15 20:54:38,253 | INFO | cmd=list_scenarios payload={}
2026-04-15 20:54:38,753 | INFO | cmd=view.snapshot payload={}
2026-04-15 20:54:48,253 | INFO | cmd=list_scenarios payload={}
2026-04-15 20:54:48,753 | INFO | cmd=view.snapshot payload={}
2026-04-15 20:54:58,253 | INFO | cmd=list_scenarios payload={}
2026-04-15 20:54:58,753 | INFO | cmd=view.snapshot payload={}
2026-04-15 20:55:08,253 | INFO | cmd=list_scenarios payload={}
2026-04-15 20:55:08,753 | INFO | cmd=view.snapshot payload={}
2026-04-15 20:55:18,253 | INFO | cmd=list_scenarios payload={}
2026-04-15 20:55:18,753 | INFO | cmd=view.snapshot payload={}
2026-04-15 20:55:28,253 | INFO | cmd=list_scenarios payload={}
2026-04-15 20:55:28,753 | INFO | cmd=view.snapshot payload={}
2026-04-15 20:55:38,253 | INFO | cmd=list_scenarios payload={}
2026-04-15 20:55:38,755 | INFO | cmd=view.snapshot payload={}
2026-04-15 20:55:48,253 | INFO | cmd=list_scenarios payload={}
2026-04-15 20:55:48,753 | INFO | cmd=view.snapshot payload={}
2026-04-15 20:55:58,253 | INFO | cmd=list_scenarios payload={}
2026-04-15 20:55:58,753 | INFO | cmd=view.snapshot payload={}
2026-04-15 20:56:08,253 | INFO | cmd=list_scenarios payload={}
2026-04-15 20:56:08,754 | INFO | cmd=view.snapshot payload={}
2026-04-15 20:56:18,254 | INFO | cmd=list_scenarios payload={}
2026-04-15 20:56:18,754 | INFO | cmd=view.snapshot payload={}
2026-04-15 20:56:28,253 | INFO | cmd=list_scenarios payload={}
2026-04-15 20:56:28,753 | INFO | cmd=view.snapshot payload={}
2026-04-15 20:56:38,253 | INFO | cmd=list_scenarios payload={}
2026-04-15 20:56:38,753 | INFO | cmd=view.snapshot payload={}
2026-04-15 20:56:48,253 | INFO | cmd=list_scenarios payload={}
2026-04-15 20:56:48,753 | INFO | cmd=view.snapshot payload={}
2026-04-15 20:56:58,253 | INFO | cmd=list_scenarios payload={}
2026-04-15 20:56:58,753 | INFO | cmd=view.snapshot payload={}
2026-04-15 20:57:08,253 | INFO | cmd=list_scenarios payload={}
2026-04-15 20:57:08,753 | INFO | cmd=view.snapshot payload={}
2026-04-15 20:57:18,253 | INFO | cmd=list_scenarios payload={}
2026-04-15 20:57:18,753 | INFO | cmd=view.snapshot payload={}
2026-04-15 20:57:28,253 | INFO | cmd=list_scenarios payload={}
2026-04-15 20:57:28,754 | INFO | cmd=view.snapshot payload={}
2026-04-15 20:57:38,253 | INFO | cmd=list_scenarios payload={}
2026-04-15 20:57:38,753 | INFO | cmd=view.snapshot payload={}
2026-04-15 20:57:48,253 | INFO | cmd=list_scenarios payload={}
2026-04-15 20:57:48,753 | INFO | cmd=view.snapshot payload={}
2026-04-15 20:57:58,253 | INFO | cmd=list_scenarios payload={}
2026-04-15 20:57:58,753 | INFO | cmd=view.snapshot payload={}
2026-04-15 20:58:08,253 | INFO | cmd=list_scenarios payload={}
2026-04-15 20:58:08,753 | INFO | cmd=view.snapshot payload={}
2026-04-15 20:58:18,253 | INFO | cmd=list_scenarios payload={}
2026-04-15 20:58:18,753 | INFO | cmd=view.snapshot payload={}
2026-04-15 20:58:28,253 | INFO | cmd=list_scenarios payload={}
2026-04-15 20:58:28,753 | INFO | cmd=view.snapshot payload={}
2026-04-15 20:58:38,253 | INFO | cmd=list_scenarios payload={}
2026-04-15 20:58:38,753 | INFO | cmd=view.snapshot payload={}
2026-04-15 20:58:48,253 | INFO | cmd=list_scenarios payload={}
2026-04-15 20:58:48,753 | INFO | cmd=view.snapshot payload={}
2026-04-15 20:58:58,253 | INFO | cmd=list_scenarios payload={}
2026-04-15 20:58:58,753 | INFO | cmd=view.snapshot payload={}
2026-04-15 20:59:08,253 | INFO | cmd=list_scenarios payload={}
2026-04-15 20:59:08,753 | INFO | cmd=view.snapshot payload={}
2026-04-15 20:59:18,253 | INFO | cmd=list_scenarios payload={}
2026-04-15 20:59:18,753 | INFO | cmd=view.snapshot payload={}
2026-04-15 20:59:28,253 | INFO | cmd=list_scenarios payload={}
2026-04-15 20:59:28,753 | INFO | cmd=view.snapshot payload={}
2026-04-15 20:59:38,255 | INFO | cmd=list_scenarios payload={}
2026-04-15 20:59:38,754 | INFO | cmd=view.snapshot payload={}
2026-04-15 20:59:48,253 | INFO | cmd=list_scenarios payload={}
2026-04-15 20:59:48,753 | INFO | cmd=view.snapshot payload={}
2026-04-15 20:59:58,254 | INFO | cmd=list_scenarios payload={}
2026-04-15 20:59:58,753 | INFO | cmd=view.snapshot payload={}
2026-04-15 21:00:08,253 | INFO | cmd=list_scenarios payload={}
2026-04-15 21:00:08,754 | INFO | cmd=view.snapshot payload={}
2026-04-15 21:00:18,253 | INFO | cmd=list_scenarios payload={}
2026-04-15 21:00:18,753 | INFO | cmd=view.snapshot payload={}
2026-04-15 21:00:28,262 | INFO | cmd=list_scenarios payload={}
2026-04-15 21:00:28,762 | INFO | cmd=view.snapshot payload={}
2026-04-15 21:00:38,253 | INFO | cmd=list_scenarios payload={}
2026-04-15 21:00:38,753 | INFO | cmd=view.snapshot payload={}
2026-04-15 21:00:48,253 | INFO | cmd=list_scenarios payload={}
2026-04-15 21:00:48,754 | INFO | cmd=view.snapshot payload={}
